  [1m[35m (14.0ms)[0m  [1m[35mCREATE TABLE "schema_migrations" ("version" character varying PRIMARY KEY)[0m
  [1m[35m (10.9ms)[0m  [1m[35mCREATE TABLE "ar_internal_metadata" ("key" character varying PRIMARY KEY, "value" character varying, "created_at" timestamp NOT NULL, "updated_at" timestamp NOT NULL)[0m
  [1m[35m (0.2ms)[0m  [1m[34mSELECT pg_try_advisory_lock(272191738488467595);[0m
  [1m[36mActiveRecord::SchemaMigration Load (0.3ms)[0m  [1m[34mSELECT "schema_migrations".* FROM "schema_migrations"[0m
  [1m[36mActiveRecord::InternalMetadata Load (0.3ms)[0m  [1m[34mSELECT  "ar_internal_metadata".* FROM "ar_internal_metadata" WHERE "ar_internal_metadata"."key" = $1 LIMIT $2[0m  [["key", :environment], ["LIMIT", 1]]
  [1m[35m (0.1ms)[0m  [1m[35mBEGIN[0m
  [1m[35mSQL (0.3ms)[0m  [1m[32mINSERT INTO "ar_internal_metadata" ("key", "value", "created_at", "updated_at") VALUES ($1, $2, $3, $4) RETURNING "key"[0m  [["key", "environment"], ["value", "development"], ["created_at", 2016-08-06 21:22:07 UTC], ["updated_at", 2016-08-06 21:22:07 UTC]]
  [1m[35m (1.8ms)[0m  [1m[35mCOMMIT[0m
  [1m[35m (0.3ms)[0m  [1m[34mSELECT pg_advisory_unlock(272191738488467595)[0m
  [1m[36mActiveRecord::SchemaMigration Load (0.2ms)[0m  [1m[34mSELECT "schema_migrations".* FROM "schema_migrations"[0m
Started GET "/" for 127.0.0.1 at 2016-08-06 21:07:03 -0400
Processing by Rails::WelcomeController#index as HTML
  Parameters: {"internal"=>true}
  Rendering /home/jrs023/.rvm/gems/ruby-2.3.0/gems/railties-5.0.0/lib/rails/templates/rails/welcome/index.html.erb
  Rendered /home/jrs023/.rvm/gems/ruby-2.3.0/gems/railties-5.0.0/lib/rails/templates/rails/welcome/index.html.erb (2.6ms)
Completed 200 OK in 25ms (Views: 7.2ms | ActiveRecord: 0.0ms)


Started GET "/" for 127.0.0.1 at 2016-08-06 21:08:13 -0400
Processing by ApplicationController#index as HTML
Completed 500 Internal Server Error in 1ms (ActiveRecord: 0.0ms)


  
NameError (uninitialized constant ApplicationController::HTTParty):
  
app/controllers/application_controller.rb:10:in `index'
  Rendering /home/jrs023/.rvm/gems/ruby-2.3.0/gems/actionpack-5.0.0/lib/action_dispatch/middleware/templates/rescues/diagnostics.html.erb within rescues/layout
  Rendering /home/jrs023/.rvm/gems/ruby-2.3.0/gems/actionpack-5.0.0/lib/action_dispatch/middleware/templates/rescues/_source.html.erb
  Rendered /home/jrs023/.rvm/gems/ruby-2.3.0/gems/actionpack-5.0.0/lib/action_dispatch/middleware/templates/rescues/_source.html.erb (3.9ms)
  Rendering /home/jrs023/.rvm/gems/ruby-2.3.0/gems/actionpack-5.0.0/lib/action_dispatch/middleware/templates/rescues/_trace.html.erb
  Rendered /home/jrs023/.rvm/gems/ruby-2.3.0/gems/actionpack-5.0.0/lib/action_dispatch/middleware/templates/rescues/_trace.html.erb (1.6ms)
  Rendering /home/jrs023/.rvm/gems/ruby-2.3.0/gems/actionpack-5.0.0/lib/action_dispatch/middleware/templates/rescues/_request_and_response.html.erb
  Rendered /home/jrs023/.rvm/gems/ruby-2.3.0/gems/actionpack-5.0.0/lib/action_dispatch/middleware/templates/rescues/_request_and_response.html.erb (0.7ms)
  Rendered /home/jrs023/.rvm/gems/ruby-2.3.0/gems/actionpack-5.0.0/lib/action_dispatch/middleware/templates/rescues/diagnostics.html.erb within rescues/layout (42.0ms)
Started GET "/" for 127.0.0.1 at 2016-08-06 21:09:14 -0400
Processing by ApplicationController#index as HTML
Completed 500 Internal Server Error in 1ms (ActiveRecord: 0.0ms)


  
NameError (uninitialized constant ApplicationController::HTTParty):
  
app/controllers/application_controller.rb:10:in `index'
  Rendering /home/jrs023/.rvm/gems/ruby-2.3.0/gems/actionpack-5.0.0/lib/action_dispatch/middleware/templates/rescues/diagnostics.html.erb within rescues/layout
  Rendering /home/jrs023/.rvm/gems/ruby-2.3.0/gems/actionpack-5.0.0/lib/action_dispatch/middleware/templates/rescues/_source.html.erb
  Rendered /home/jrs023/.rvm/gems/ruby-2.3.0/gems/actionpack-5.0.0/lib/action_dispatch/middleware/templates/rescues/_source.html.erb (3.2ms)
  Rendering /home/jrs023/.rvm/gems/ruby-2.3.0/gems/actionpack-5.0.0/lib/action_dispatch/middleware/templates/rescues/_trace.html.erb
  Rendered /home/jrs023/.rvm/gems/ruby-2.3.0/gems/actionpack-5.0.0/lib/action_dispatch/middleware/templates/rescues/_trace.html.erb (5.1ms)
  Rendering /home/jrs023/.rvm/gems/ruby-2.3.0/gems/actionpack-5.0.0/lib/action_dispatch/middleware/templates/rescues/_request_and_response.html.erb
  Rendered /home/jrs023/.rvm/gems/ruby-2.3.0/gems/actionpack-5.0.0/lib/action_dispatch/middleware/templates/rescues/_request_and_response.html.erb (0.6ms)
  Rendered /home/jrs023/.rvm/gems/ruby-2.3.0/gems/actionpack-5.0.0/lib/action_dispatch/middleware/templates/rescues/diagnostics.html.erb within rescues/layout (20.4ms)
Started GET "/" for 127.0.0.1 at 2016-08-06 21:09:15 -0400
Processing by ApplicationController#index as HTML
Completed 500 Internal Server Error in 1ms (ActiveRecord: 0.0ms)


  
NameError (uninitialized constant ApplicationController::HTTParty):
  
app/controllers/application_controller.rb:10:in `index'
  Rendering /home/jrs023/.rvm/gems/ruby-2.3.0/gems/actionpack-5.0.0/lib/action_dispatch/middleware/templates/rescues/diagnostics.html.erb within rescues/layout
  Rendering /home/jrs023/.rvm/gems/ruby-2.3.0/gems/actionpack-5.0.0/lib/action_dispatch/middleware/templates/rescues/_source.html.erb
  Rendered /home/jrs023/.rvm/gems/ruby-2.3.0/gems/actionpack-5.0.0/lib/action_dispatch/middleware/templates/rescues/_source.html.erb (3.1ms)
  Rendering /home/jrs023/.rvm/gems/ruby-2.3.0/gems/actionpack-5.0.0/lib/action_dispatch/middleware/templates/rescues/_trace.html.erb
  Rendered /home/jrs023/.rvm/gems/ruby-2.3.0/gems/actionpack-5.0.0/lib/action_dispatch/middleware/templates/rescues/_trace.html.erb (1.5ms)
  Rendering /home/jrs023/.rvm/gems/ruby-2.3.0/gems/actionpack-5.0.0/lib/action_dispatch/middleware/templates/rescues/_request_and_response.html.erb
  Rendered /home/jrs023/.rvm/gems/ruby-2.3.0/gems/actionpack-5.0.0/lib/action_dispatch/middleware/templates/rescues/_request_and_response.html.erb (0.6ms)
  Rendered /home/jrs023/.rvm/gems/ruby-2.3.0/gems/actionpack-5.0.0/lib/action_dispatch/middleware/templates/rescues/diagnostics.html.erb within rescues/layout (16.3ms)
Started GET "/" for 127.0.0.1 at 2016-08-06 21:10:22 -0400
Processing by ApplicationController#index as HTML
Completed 200 OK in 2538ms (Views: 0.5ms | ActiveRecord: 0.0ms)


Started GET "/api/sku/index" for 127.0.0.1 at 2016-08-06 21:11:39 -0400
  
AbstractController::ActionNotFound (The action 'show' could not be found for Api::SkuController):
  
actionpack (5.0.0) lib/abstract_controller/base.rb:121:in `process'
actionview (5.0.0) lib/action_view/rendering.rb:30:in `process'
actionpack (5.0.0) lib/action_controller/metal.rb:190:in `dispatch'
actionpack (5.0.0) lib/action_controller/metal.rb:262:in `dispatch'
actionpack (5.0.0) lib/action_dispatch/routing/route_set.rb:50:in `dispatch'
actionpack (5.0.0) lib/action_dispatch/routing/route_set.rb:32:in `serve'
actionpack (5.0.0) lib/action_dispatch/journey/router.rb:39:in `block in serve'
actionpack (5.0.0) lib/action_dispatch/journey/router.rb:26:in `each'
actionpack (5.0.0) lib/action_dispatch/journey/router.rb:26:in `serve'
actionpack (5.0.0) lib/action_dispatch/routing/route_set.rb:725:in `call'
rack (2.0.1) lib/rack/etag.rb:25:in `call'
rack (2.0.1) lib/rack/conditional_get.rb:25:in `call'
rack (2.0.1) lib/rack/head.rb:12:in `call'
rack (2.0.1) lib/rack/session/abstract/id.rb:222:in `context'
rack (2.0.1) lib/rack/session/abstract/id.rb:216:in `call'
actionpack (5.0.0) lib/action_dispatch/middleware/cookies.rb:613:in `call'
activerecord (5.0.0) lib/active_record/migration.rb:552:in `call'
actionpack (5.0.0) lib/action_dispatch/middleware/callbacks.rb:38:in `block in call'
activesupport (5.0.0) lib/active_support/callbacks.rb:97:in `__run_callbacks__'
activesupport (5.0.0) lib/active_support/callbacks.rb:750:in `_run_call_callbacks'
activesupport (5.0.0) lib/active_support/callbacks.rb:90:in `run_callbacks'
actionpack (5.0.0) lib/action_dispatch/middleware/callbacks.rb:36:in `call'
actionpack (5.0.0) lib/action_dispatch/middleware/executor.rb:12:in `call'
actionpack (5.0.0) lib/action_dispatch/middleware/remote_ip.rb:79:in `call'
actionpack (5.0.0) lib/action_dispatch/middleware/debug_exceptions.rb:49:in `call'
web-console (3.3.1) lib/web_console/middleware.rb:131:in `call_app'
web-console (3.3.1) lib/web_console/middleware.rb:28:in `block in call'
web-console (3.3.1) lib/web_console/middleware.rb:18:in `catch'
web-console (3.3.1) lib/web_console/middleware.rb:18:in `call'
actionpack (5.0.0) lib/action_dispatch/middleware/show_exceptions.rb:31:in `call'
railties (5.0.0) lib/rails/rack/logger.rb:36:in `call_app'
railties (5.0.0) lib/rails/rack/logger.rb:24:in `block in call'
activesupport (5.0.0) lib/active_support/tagged_logging.rb:70:in `block in tagged'
activesupport (5.0.0) lib/active_support/tagged_logging.rb:26:in `tagged'
activesupport (5.0.0) lib/active_support/tagged_logging.rb:70:in `tagged'
railties (5.0.0) lib/rails/rack/logger.rb:24:in `call'
sprockets-rails (3.1.1) lib/sprockets/rails/quiet_assets.rb:13:in `call'
actionpack (5.0.0) lib/action_dispatch/middleware/request_id.rb:24:in `call'
rack (2.0.1) lib/rack/method_override.rb:22:in `call'
rack (2.0.1) lib/rack/runtime.rb:22:in `call'
activesupport (5.0.0) lib/active_support/cache/strategy/local_cache_middleware.rb:28:in `call'
actionpack (5.0.0) lib/action_dispatch/middleware/executor.rb:12:in `call'
actionpack (5.0.0) lib/action_dispatch/middleware/static.rb:136:in `call'
rack (2.0.1) lib/rack/sendfile.rb:111:in `call'
railties (5.0.0) lib/rails/engine.rb:522:in `call'
puma (3.6.0) lib/puma/configuration.rb:225:in `call'
puma (3.6.0) lib/puma/server.rb:578:in `handle_request'
puma (3.6.0) lib/puma/server.rb:415:in `process_client'
puma (3.6.0) lib/puma/server.rb:275:in `block in run'
puma (3.6.0) lib/puma/thread_pool.rb:116:in `call'
puma (3.6.0) lib/puma/thread_pool.rb:116:in `block in spawn_thread'
  Rendering /home/jrs023/.rvm/gems/ruby-2.3.0/gems/actionpack-5.0.0/lib/action_dispatch/middleware/templates/rescues/unknown_action.html.erb within rescues/layout
  Rendered /home/jrs023/.rvm/gems/ruby-2.3.0/gems/actionpack-5.0.0/lib/action_dispatch/middleware/templates/rescues/unknown_action.html.erb within rescues/layout (2.6ms)
Started GET "/api/sku/index" for 127.0.0.1 at 2016-08-06 21:11:41 -0400
  
AbstractController::ActionNotFound (The action 'show' could not be found for Api::SkuController):
  
actionpack (5.0.0) lib/abstract_controller/base.rb:121:in `process'
actionview (5.0.0) lib/action_view/rendering.rb:30:in `process'
actionpack (5.0.0) lib/action_controller/metal.rb:190:in `dispatch'
actionpack (5.0.0) lib/action_controller/metal.rb:262:in `dispatch'
actionpack (5.0.0) lib/action_dispatch/routing/route_set.rb:50:in `dispatch'
actionpack (5.0.0) lib/action_dispatch/routing/route_set.rb:32:in `serve'
actionpack (5.0.0) lib/action_dispatch/journey/router.rb:39:in `block in serve'
actionpack (5.0.0) lib/action_dispatch/journey/router.rb:26:in `each'
actionpack (5.0.0) lib/action_dispatch/journey/router.rb:26:in `serve'
actionpack (5.0.0) lib/action_dispatch/routing/route_set.rb:725:in `call'
rack (2.0.1) lib/rack/etag.rb:25:in `call'
rack (2.0.1) lib/rack/conditional_get.rb:25:in `call'
rack (2.0.1) lib/rack/head.rb:12:in `call'
rack (2.0.1) lib/rack/session/abstract/id.rb:222:in `context'
rack (2.0.1) lib/rack/session/abstract/id.rb:216:in `call'
actionpack (5.0.0) lib/action_dispatch/middleware/cookies.rb:613:in `call'
activerecord (5.0.0) lib/active_record/migration.rb:552:in `call'
actionpack (5.0.0) lib/action_dispatch/middleware/callbacks.rb:38:in `block in call'
activesupport (5.0.0) lib/active_support/callbacks.rb:97:in `__run_callbacks__'
activesupport (5.0.0) lib/active_support/callbacks.rb:750:in `_run_call_callbacks'
activesupport (5.0.0) lib/active_support/callbacks.rb:90:in `run_callbacks'
actionpack (5.0.0) lib/action_dispatch/middleware/callbacks.rb:36:in `call'
actionpack (5.0.0) lib/action_dispatch/middleware/executor.rb:12:in `call'
actionpack (5.0.0) lib/action_dispatch/middleware/remote_ip.rb:79:in `call'
actionpack (5.0.0) lib/action_dispatch/middleware/debug_exceptions.rb:49:in `call'
web-console (3.3.1) lib/web_console/middleware.rb:131:in `call_app'
web-console (3.3.1) lib/web_console/middleware.rb:28:in `block in call'
web-console (3.3.1) lib/web_console/middleware.rb:18:in `catch'
web-console (3.3.1) lib/web_console/middleware.rb:18:in `call'
actionpack (5.0.0) lib/action_dispatch/middleware/show_exceptions.rb:31:in `call'
railties (5.0.0) lib/rails/rack/logger.rb:36:in `call_app'
railties (5.0.0) lib/rails/rack/logger.rb:24:in `block in call'
activesupport (5.0.0) lib/active_support/tagged_logging.rb:70:in `block in tagged'
activesupport (5.0.0) lib/active_support/tagged_logging.rb:26:in `tagged'
activesupport (5.0.0) lib/active_support/tagged_logging.rb:70:in `tagged'
railties (5.0.0) lib/rails/rack/logger.rb:24:in `call'
sprockets-rails (3.1.1) lib/sprockets/rails/quiet_assets.rb:13:in `call'
actionpack (5.0.0) lib/action_dispatch/middleware/request_id.rb:24:in `call'
rack (2.0.1) lib/rack/method_override.rb:22:in `call'
rack (2.0.1) lib/rack/runtime.rb:22:in `call'
activesupport (5.0.0) lib/active_support/cache/strategy/local_cache_middleware.rb:28:in `call'
actionpack (5.0.0) lib/action_dispatch/middleware/executor.rb:12:in `call'
actionpack (5.0.0) lib/action_dispatch/middleware/static.rb:136:in `call'
rack (2.0.1) lib/rack/sendfile.rb:111:in `call'
railties (5.0.0) lib/rails/engine.rb:522:in `call'
puma (3.6.0) lib/puma/configuration.rb:225:in `call'
puma (3.6.0) lib/puma/server.rb:578:in `handle_request'
puma (3.6.0) lib/puma/server.rb:415:in `process_client'
puma (3.6.0) lib/puma/server.rb:275:in `block in run'
puma (3.6.0) lib/puma/thread_pool.rb:116:in `call'
puma (3.6.0) lib/puma/thread_pool.rb:116:in `block in spawn_thread'
  Rendering /home/jrs023/.rvm/gems/ruby-2.3.0/gems/actionpack-5.0.0/lib/action_dispatch/middleware/templates/rescues/unknown_action.html.erb within rescues/layout
  Rendered /home/jrs023/.rvm/gems/ruby-2.3.0/gems/actionpack-5.0.0/lib/action_dispatch/middleware/templates/rescues/unknown_action.html.erb within rescues/layout (0.3ms)
Started GET "/api/sku/show" for 127.0.0.1 at 2016-08-06 21:11:43 -0400
  
AbstractController::ActionNotFound (The action 'show' could not be found for Api::SkuController):
  
actionpack (5.0.0) lib/abstract_controller/base.rb:121:in `process'
actionview (5.0.0) lib/action_view/rendering.rb:30:in `process'
actionpack (5.0.0) lib/action_controller/metal.rb:190:in `dispatch'
actionpack (5.0.0) lib/action_controller/metal.rb:262:in `dispatch'
actionpack (5.0.0) lib/action_dispatch/routing/route_set.rb:50:in `dispatch'
actionpack (5.0.0) lib/action_dispatch/routing/route_set.rb:32:in `serve'
actionpack (5.0.0) lib/action_dispatch/journey/router.rb:39:in `block in serve'
actionpack (5.0.0) lib/action_dispatch/journey/router.rb:26:in `each'
actionpack (5.0.0) lib/action_dispatch/journey/router.rb:26:in `serve'
actionpack (5.0.0) lib/action_dispatch/routing/route_set.rb:725:in `call'
rack (2.0.1) lib/rack/etag.rb:25:in `call'
rack (2.0.1) lib/rack/conditional_get.rb:25:in `call'
rack (2.0.1) lib/rack/head.rb:12:in `call'
rack (2.0.1) lib/rack/session/abstract/id.rb:222:in `context'
rack (2.0.1) lib/rack/session/abstract/id.rb:216:in `call'
actionpack (5.0.0) lib/action_dispatch/middleware/cookies.rb:613:in `call'
activerecord (5.0.0) lib/active_record/migration.rb:552:in `call'
actionpack (5.0.0) lib/action_dispatch/middleware/callbacks.rb:38:in `block in call'
activesupport (5.0.0) lib/active_support/callbacks.rb:97:in `__run_callbacks__'
activesupport (5.0.0) lib/active_support/callbacks.rb:750:in `_run_call_callbacks'
activesupport (5.0.0) lib/active_support/callbacks.rb:90:in `run_callbacks'
actionpack (5.0.0) lib/action_dispatch/middleware/callbacks.rb:36:in `call'
actionpack (5.0.0) lib/action_dispatch/middleware/executor.rb:12:in `call'
actionpack (5.0.0) lib/action_dispatch/middleware/remote_ip.rb:79:in `call'
actionpack (5.0.0) lib/action_dispatch/middleware/debug_exceptions.rb:49:in `call'
web-console (3.3.1) lib/web_console/middleware.rb:131:in `call_app'
web-console (3.3.1) lib/web_console/middleware.rb:28:in `block in call'
web-console (3.3.1) lib/web_console/middleware.rb:18:in `catch'
web-console (3.3.1) lib/web_console/middleware.rb:18:in `call'
actionpack (5.0.0) lib/action_dispatch/middleware/show_exceptions.rb:31:in `call'
railties (5.0.0) lib/rails/rack/logger.rb:36:in `call_app'
railties (5.0.0) lib/rails/rack/logger.rb:24:in `block in call'
activesupport (5.0.0) lib/active_support/tagged_logging.rb:70:in `block in tagged'
activesupport (5.0.0) lib/active_support/tagged_logging.rb:26:in `tagged'
activesupport (5.0.0) lib/active_support/tagged_logging.rb:70:in `tagged'
railties (5.0.0) lib/rails/rack/logger.rb:24:in `call'
sprockets-rails (3.1.1) lib/sprockets/rails/quiet_assets.rb:13:in `call'
actionpack (5.0.0) lib/action_dispatch/middleware/request_id.rb:24:in `call'
rack (2.0.1) lib/rack/method_override.rb:22:in `call'
rack (2.0.1) lib/rack/runtime.rb:22:in `call'
activesupport (5.0.0) lib/active_support/cache/strategy/local_cache_middleware.rb:28:in `call'
actionpack (5.0.0) lib/action_dispatch/middleware/executor.rb:12:in `call'
actionpack (5.0.0) lib/action_dispatch/middleware/static.rb:136:in `call'
rack (2.0.1) lib/rack/sendfile.rb:111:in `call'
railties (5.0.0) lib/rails/engine.rb:522:in `call'
puma (3.6.0) lib/puma/configuration.rb:225:in `call'
puma (3.6.0) lib/puma/server.rb:578:in `handle_request'
puma (3.6.0) lib/puma/server.rb:415:in `process_client'
puma (3.6.0) lib/puma/server.rb:275:in `block in run'
puma (3.6.0) lib/puma/thread_pool.rb:116:in `call'
puma (3.6.0) lib/puma/thread_pool.rb:116:in `block in spawn_thread'
  Rendering /home/jrs023/.rvm/gems/ruby-2.3.0/gems/actionpack-5.0.0/lib/action_dispatch/middleware/templates/rescues/unknown_action.html.erb within rescues/layout
  Rendered /home/jrs023/.rvm/gems/ruby-2.3.0/gems/actionpack-5.0.0/lib/action_dispatch/middleware/templates/rescues/unknown_action.html.erb within rescues/layout (0.4ms)
Started GET "/api/sku/show" for 127.0.0.1 at 2016-08-06 21:11:45 -0400
  
AbstractController::ActionNotFound (The action 'show' could not be found for Api::SkuController):
  
actionpack (5.0.0) lib/abstract_controller/base.rb:121:in `process'
actionview (5.0.0) lib/action_view/rendering.rb:30:in `process'
actionpack (5.0.0) lib/action_controller/metal.rb:190:in `dispatch'
actionpack (5.0.0) lib/action_controller/metal.rb:262:in `dispatch'
actionpack (5.0.0) lib/action_dispatch/routing/route_set.rb:50:in `dispatch'
actionpack (5.0.0) lib/action_dispatch/routing/route_set.rb:32:in `serve'
actionpack (5.0.0) lib/action_dispatch/journey/router.rb:39:in `block in serve'
actionpack (5.0.0) lib/action_dispatch/journey/router.rb:26:in `each'
actionpack (5.0.0) lib/action_dispatch/journey/router.rb:26:in `serve'
actionpack (5.0.0) lib/action_dispatch/routing/route_set.rb:725:in `call'
rack (2.0.1) lib/rack/etag.rb:25:in `call'
rack (2.0.1) lib/rack/conditional_get.rb:25:in `call'
rack (2.0.1) lib/rack/head.rb:12:in `call'
rack (2.0.1) lib/rack/session/abstract/id.rb:222:in `context'
rack (2.0.1) lib/rack/session/abstract/id.rb:216:in `call'
actionpack (5.0.0) lib/action_dispatch/middleware/cookies.rb:613:in `call'
activerecord (5.0.0) lib/active_record/migration.rb:552:in `call'
actionpack (5.0.0) lib/action_dispatch/middleware/callbacks.rb:38:in `block in call'
activesupport (5.0.0) lib/active_support/callbacks.rb:97:in `__run_callbacks__'
activesupport (5.0.0) lib/active_support/callbacks.rb:750:in `_run_call_callbacks'
activesupport (5.0.0) lib/active_support/callbacks.rb:90:in `run_callbacks'
actionpack (5.0.0) lib/action_dispatch/middleware/callbacks.rb:36:in `call'
actionpack (5.0.0) lib/action_dispatch/middleware/executor.rb:12:in `call'
actionpack (5.0.0) lib/action_dispatch/middleware/remote_ip.rb:79:in `call'
actionpack (5.0.0) lib/action_dispatch/middleware/debug_exceptions.rb:49:in `call'
web-console (3.3.1) lib/web_console/middleware.rb:131:in `call_app'
web-console (3.3.1) lib/web_console/middleware.rb:28:in `block in call'
web-console (3.3.1) lib/web_console/middleware.rb:18:in `catch'
web-console (3.3.1) lib/web_console/middleware.rb:18:in `call'
actionpack (5.0.0) lib/action_dispatch/middleware/show_exceptions.rb:31:in `call'
railties (5.0.0) lib/rails/rack/logger.rb:36:in `call_app'
railties (5.0.0) lib/rails/rack/logger.rb:24:in `block in call'
activesupport (5.0.0) lib/active_support/tagged_logging.rb:70:in `block in tagged'
activesupport (5.0.0) lib/active_support/tagged_logging.rb:26:in `tagged'
activesupport (5.0.0) lib/active_support/tagged_logging.rb:70:in `tagged'
railties (5.0.0) lib/rails/rack/logger.rb:24:in `call'
sprockets-rails (3.1.1) lib/sprockets/rails/quiet_assets.rb:13:in `call'
actionpack (5.0.0) lib/action_dispatch/middleware/request_id.rb:24:in `call'
rack (2.0.1) lib/rack/method_override.rb:22:in `call'
rack (2.0.1) lib/rack/runtime.rb:22:in `call'
activesupport (5.0.0) lib/active_support/cache/strategy/local_cache_middleware.rb:28:in `call'
actionpack (5.0.0) lib/action_dispatch/middleware/executor.rb:12:in `call'
actionpack (5.0.0) lib/action_dispatch/middleware/static.rb:136:in `call'
rack (2.0.1) lib/rack/sendfile.rb:111:in `call'
railties (5.0.0) lib/rails/engine.rb:522:in `call'
puma (3.6.0) lib/puma/configuration.rb:225:in `call'
puma (3.6.0) lib/puma/server.rb:578:in `handle_request'
puma (3.6.0) lib/puma/server.rb:415:in `process_client'
puma (3.6.0) lib/puma/server.rb:275:in `block in run'
puma (3.6.0) lib/puma/thread_pool.rb:116:in `call'
puma (3.6.0) lib/puma/thread_pool.rb:116:in `block in spawn_thread'
  Rendering /home/jrs023/.rvm/gems/ruby-2.3.0/gems/actionpack-5.0.0/lib/action_dispatch/middleware/templates/rescues/unknown_action.html.erb within rescues/layout
  Rendered /home/jrs023/.rvm/gems/ruby-2.3.0/gems/actionpack-5.0.0/lib/action_dispatch/middleware/templates/rescues/unknown_action.html.erb within rescues/layout (0.3ms)
Started GET "/api/sku/show" for 127.0.0.1 at 2016-08-06 21:11:46 -0400
  
AbstractController::ActionNotFound (The action 'show' could not be found for Api::SkuController):
  
actionpack (5.0.0) lib/abstract_controller/base.rb:121:in `process'
actionview (5.0.0) lib/action_view/rendering.rb:30:in `process'
actionpack (5.0.0) lib/action_controller/metal.rb:190:in `dispatch'
actionpack (5.0.0) lib/action_controller/metal.rb:262:in `dispatch'
actionpack (5.0.0) lib/action_dispatch/routing/route_set.rb:50:in `dispatch'
actionpack (5.0.0) lib/action_dispatch/routing/route_set.rb:32:in `serve'
actionpack (5.0.0) lib/action_dispatch/journey/router.rb:39:in `block in serve'
actionpack (5.0.0) lib/action_dispatch/journey/router.rb:26:in `each'
actionpack (5.0.0) lib/action_dispatch/journey/router.rb:26:in `serve'
actionpack (5.0.0) lib/action_dispatch/routing/route_set.rb:725:in `call'
rack (2.0.1) lib/rack/etag.rb:25:in `call'
rack (2.0.1) lib/rack/conditional_get.rb:25:in `call'
rack (2.0.1) lib/rack/head.rb:12:in `call'
rack (2.0.1) lib/rack/session/abstract/id.rb:222:in `context'
rack (2.0.1) lib/rack/session/abstract/id.rb:216:in `call'
actionpack (5.0.0) lib/action_dispatch/middleware/cookies.rb:613:in `call'
activerecord (5.0.0) lib/active_record/migration.rb:552:in `call'
actionpack (5.0.0) lib/action_dispatch/middleware/callbacks.rb:38:in `block in call'
activesupport (5.0.0) lib/active_support/callbacks.rb:97:in `__run_callbacks__'
activesupport (5.0.0) lib/active_support/callbacks.rb:750:in `_run_call_callbacks'
activesupport (5.0.0) lib/active_support/callbacks.rb:90:in `run_callbacks'
actionpack (5.0.0) lib/action_dispatch/middleware/callbacks.rb:36:in `call'
actionpack (5.0.0) lib/action_dispatch/middleware/executor.rb:12:in `call'
actionpack (5.0.0) lib/action_dispatch/middleware/remote_ip.rb:79:in `call'
actionpack (5.0.0) lib/action_dispatch/middleware/debug_exceptions.rb:49:in `call'
web-console (3.3.1) lib/web_console/middleware.rb:131:in `call_app'
web-console (3.3.1) lib/web_console/middleware.rb:28:in `block in call'
web-console (3.3.1) lib/web_console/middleware.rb:18:in `catch'
web-console (3.3.1) lib/web_console/middleware.rb:18:in `call'
actionpack (5.0.0) lib/action_dispatch/middleware/show_exceptions.rb:31:in `call'
railties (5.0.0) lib/rails/rack/logger.rb:36:in `call_app'
railties (5.0.0) lib/rails/rack/logger.rb:24:in `block in call'
activesupport (5.0.0) lib/active_support/tagged_logging.rb:70:in `block in tagged'
activesupport (5.0.0) lib/active_support/tagged_logging.rb:26:in `tagged'
activesupport (5.0.0) lib/active_support/tagged_logging.rb:70:in `tagged'
railties (5.0.0) lib/rails/rack/logger.rb:24:in `call'
sprockets-rails (3.1.1) lib/sprockets/rails/quiet_assets.rb:13:in `call'
actionpack (5.0.0) lib/action_dispatch/middleware/request_id.rb:24:in `call'
rack (2.0.1) lib/rack/method_override.rb:22:in `call'
rack (2.0.1) lib/rack/runtime.rb:22:in `call'
activesupport (5.0.0) lib/active_support/cache/strategy/local_cache_middleware.rb:28:in `call'
actionpack (5.0.0) lib/action_dispatch/middleware/executor.rb:12:in `call'
actionpack (5.0.0) lib/action_dispatch/middleware/static.rb:136:in `call'
rack (2.0.1) lib/rack/sendfile.rb:111:in `call'
railties (5.0.0) lib/rails/engine.rb:522:in `call'
puma (3.6.0) lib/puma/configuration.rb:225:in `call'
puma (3.6.0) lib/puma/server.rb:578:in `handle_request'
puma (3.6.0) lib/puma/server.rb:415:in `process_client'
puma (3.6.0) lib/puma/server.rb:275:in `block in run'
puma (3.6.0) lib/puma/thread_pool.rb:116:in `call'
puma (3.6.0) lib/puma/thread_pool.rb:116:in `block in spawn_thread'
  Rendering /home/jrs023/.rvm/gems/ruby-2.3.0/gems/actionpack-5.0.0/lib/action_dispatch/middleware/templates/rescues/unknown_action.html.erb within rescues/layout
  Rendered /home/jrs023/.rvm/gems/ruby-2.3.0/gems/actionpack-5.0.0/lib/action_dispatch/middleware/templates/rescues/unknown_action.html.erb within rescues/layout (0.6ms)
Started GET "/api/sku/show" for 127.0.0.1 at 2016-08-06 21:11:57 -0400
  
AbstractController::ActionNotFound (The action 'show' could not be found for Api::SkuController):
  
actionpack (5.0.0) lib/abstract_controller/base.rb:121:in `process'
actionview (5.0.0) lib/action_view/rendering.rb:30:in `process'
actionpack (5.0.0) lib/action_controller/metal.rb:190:in `dispatch'
actionpack (5.0.0) lib/action_controller/metal.rb:262:in `dispatch'
actionpack (5.0.0) lib/action_dispatch/routing/route_set.rb:50:in `dispatch'
actionpack (5.0.0) lib/action_dispatch/routing/route_set.rb:32:in `serve'
actionpack (5.0.0) lib/action_dispatch/journey/router.rb:39:in `block in serve'
actionpack (5.0.0) lib/action_dispatch/journey/router.rb:26:in `each'
actionpack (5.0.0) lib/action_dispatch/journey/router.rb:26:in `serve'
actionpack (5.0.0) lib/action_dispatch/routing/route_set.rb:725:in `call'
rack (2.0.1) lib/rack/etag.rb:25:in `call'
rack (2.0.1) lib/rack/conditional_get.rb:25:in `call'
rack (2.0.1) lib/rack/head.rb:12:in `call'
rack (2.0.1) lib/rack/session/abstract/id.rb:222:in `context'
rack (2.0.1) lib/rack/session/abstract/id.rb:216:in `call'
actionpack (5.0.0) lib/action_dispatch/middleware/cookies.rb:613:in `call'
activerecord (5.0.0) lib/active_record/migration.rb:552:in `call'
actionpack (5.0.0) lib/action_dispatch/middleware/callbacks.rb:38:in `block in call'
activesupport (5.0.0) lib/active_support/callbacks.rb:97:in `__run_callbacks__'
activesupport (5.0.0) lib/active_support/callbacks.rb:750:in `_run_call_callbacks'
activesupport (5.0.0) lib/active_support/callbacks.rb:90:in `run_callbacks'
actionpack (5.0.0) lib/action_dispatch/middleware/callbacks.rb:36:in `call'
actionpack (5.0.0) lib/action_dispatch/middleware/executor.rb:12:in `call'
actionpack (5.0.0) lib/action_dispatch/middleware/remote_ip.rb:79:in `call'
actionpack (5.0.0) lib/action_dispatch/middleware/debug_exceptions.rb:49:in `call'
web-console (3.3.1) lib/web_console/middleware.rb:131:in `call_app'
web-console (3.3.1) lib/web_console/middleware.rb:28:in `block in call'
web-console (3.3.1) lib/web_console/middleware.rb:18:in `catch'
web-console (3.3.1) lib/web_console/middleware.rb:18:in `call'
actionpack (5.0.0) lib/action_dispatch/middleware/show_exceptions.rb:31:in `call'
railties (5.0.0) lib/rails/rack/logger.rb:36:in `call_app'
railties (5.0.0) lib/rails/rack/logger.rb:24:in `block in call'
activesupport (5.0.0) lib/active_support/tagged_logging.rb:70:in `block in tagged'
activesupport (5.0.0) lib/active_support/tagged_logging.rb:26:in `tagged'
activesupport (5.0.0) lib/active_support/tagged_logging.rb:70:in `tagged'
railties (5.0.0) lib/rails/rack/logger.rb:24:in `call'
sprockets-rails (3.1.1) lib/sprockets/rails/quiet_assets.rb:13:in `call'
actionpack (5.0.0) lib/action_dispatch/middleware/request_id.rb:24:in `call'
rack (2.0.1) lib/rack/method_override.rb:22:in `call'
rack (2.0.1) lib/rack/runtime.rb:22:in `call'
activesupport (5.0.0) lib/active_support/cache/strategy/local_cache_middleware.rb:28:in `call'
actionpack (5.0.0) lib/action_dispatch/middleware/executor.rb:12:in `call'
actionpack (5.0.0) lib/action_dispatch/middleware/static.rb:136:in `call'
rack (2.0.1) lib/rack/sendfile.rb:111:in `call'
railties (5.0.0) lib/rails/engine.rb:522:in `call'
puma (3.6.0) lib/puma/configuration.rb:225:in `call'
puma (3.6.0) lib/puma/server.rb:578:in `handle_request'
puma (3.6.0) lib/puma/server.rb:415:in `process_client'
puma (3.6.0) lib/puma/server.rb:275:in `block in run'
puma (3.6.0) lib/puma/thread_pool.rb:116:in `call'
puma (3.6.0) lib/puma/thread_pool.rb:116:in `block in spawn_thread'
  Rendering /home/jrs023/.rvm/gems/ruby-2.3.0/gems/actionpack-5.0.0/lib/action_dispatch/middleware/templates/rescues/unknown_action.html.erb within rescues/layout
  Rendered /home/jrs023/.rvm/gems/ruby-2.3.0/gems/actionpack-5.0.0/lib/action_dispatch/middleware/templates/rescues/unknown_action.html.erb within rescues/layout (2.6ms)
Started GET "/api/sku/show" for 127.0.0.1 at 2016-08-06 21:12:00 -0400
  
AbstractController::ActionNotFound (The action 'show' could not be found for Api::SkuController):
  
actionpack (5.0.0) lib/abstract_controller/base.rb:121:in `process'
actionview (5.0.0) lib/action_view/rendering.rb:30:in `process'
actionpack (5.0.0) lib/action_controller/metal.rb:190:in `dispatch'
actionpack (5.0.0) lib/action_controller/metal.rb:262:in `dispatch'
actionpack (5.0.0) lib/action_dispatch/routing/route_set.rb:50:in `dispatch'
actionpack (5.0.0) lib/action_dispatch/routing/route_set.rb:32:in `serve'
actionpack (5.0.0) lib/action_dispatch/journey/router.rb:39:in `block in serve'
actionpack (5.0.0) lib/action_dispatch/journey/router.rb:26:in `each'
actionpack (5.0.0) lib/action_dispatch/journey/router.rb:26:in `serve'
actionpack (5.0.0) lib/action_dispatch/routing/route_set.rb:725:in `call'
rack (2.0.1) lib/rack/etag.rb:25:in `call'
rack (2.0.1) lib/rack/conditional_get.rb:25:in `call'
rack (2.0.1) lib/rack/head.rb:12:in `call'
rack (2.0.1) lib/rack/session/abstract/id.rb:222:in `context'
rack (2.0.1) lib/rack/session/abstract/id.rb:216:in `call'
actionpack (5.0.0) lib/action_dispatch/middleware/cookies.rb:613:in `call'
activerecord (5.0.0) lib/active_record/migration.rb:552:in `call'
actionpack (5.0.0) lib/action_dispatch/middleware/callbacks.rb:38:in `block in call'
activesupport (5.0.0) lib/active_support/callbacks.rb:97:in `__run_callbacks__'
activesupport (5.0.0) lib/active_support/callbacks.rb:750:in `_run_call_callbacks'
activesupport (5.0.0) lib/active_support/callbacks.rb:90:in `run_callbacks'
actionpack (5.0.0) lib/action_dispatch/middleware/callbacks.rb:36:in `call'
actionpack (5.0.0) lib/action_dispatch/middleware/executor.rb:12:in `call'
actionpack (5.0.0) lib/action_dispatch/middleware/remote_ip.rb:79:in `call'
actionpack (5.0.0) lib/action_dispatch/middleware/debug_exceptions.rb:49:in `call'
web-console (3.3.1) lib/web_console/middleware.rb:131:in `call_app'
web-console (3.3.1) lib/web_console/middleware.rb:28:in `block in call'
web-console (3.3.1) lib/web_console/middleware.rb:18:in `catch'
web-console (3.3.1) lib/web_console/middleware.rb:18:in `call'
actionpack (5.0.0) lib/action_dispatch/middleware/show_exceptions.rb:31:in `call'
railties (5.0.0) lib/rails/rack/logger.rb:36:in `call_app'
railties (5.0.0) lib/rails/rack/logger.rb:24:in `block in call'
activesupport (5.0.0) lib/active_support/tagged_logging.rb:70:in `block in tagged'
activesupport (5.0.0) lib/active_support/tagged_logging.rb:26:in `tagged'
activesupport (5.0.0) lib/active_support/tagged_logging.rb:70:in `tagged'
railties (5.0.0) lib/rails/rack/logger.rb:24:in `call'
sprockets-rails (3.1.1) lib/sprockets/rails/quiet_assets.rb:13:in `call'
actionpack (5.0.0) lib/action_dispatch/middleware/request_id.rb:24:in `call'
rack (2.0.1) lib/rack/method_override.rb:22:in `call'
rack (2.0.1) lib/rack/runtime.rb:22:in `call'
activesupport (5.0.0) lib/active_support/cache/strategy/local_cache_middleware.rb:28:in `call'
actionpack (5.0.0) lib/action_dispatch/middleware/executor.rb:12:in `call'
actionpack (5.0.0) lib/action_dispatch/middleware/static.rb:136:in `call'
rack (2.0.1) lib/rack/sendfile.rb:111:in `call'
railties (5.0.0) lib/rails/engine.rb:522:in `call'
puma (3.6.0) lib/puma/configuration.rb:225:in `call'
puma (3.6.0) lib/puma/server.rb:578:in `handle_request'
puma (3.6.0) lib/puma/server.rb:415:in `process_client'
puma (3.6.0) lib/puma/server.rb:275:in `block in run'
puma (3.6.0) lib/puma/thread_pool.rb:116:in `call'
puma (3.6.0) lib/puma/thread_pool.rb:116:in `block in spawn_thread'
  Rendering /home/jrs023/.rvm/gems/ruby-2.3.0/gems/actionpack-5.0.0/lib/action_dispatch/middleware/templates/rescues/unknown_action.html.erb within rescues/layout
  Rendered /home/jrs023/.rvm/gems/ruby-2.3.0/gems/actionpack-5.0.0/lib/action_dispatch/middleware/templates/rescues/unknown_action.html.erb within rescues/layout (0.5ms)
Started GET "/api/sku/index" for 127.0.0.1 at 2016-08-06 21:12:03 -0400
  
AbstractController::ActionNotFound (The action 'show' could not be found for Api::SkuController):
  
actionpack (5.0.0) lib/abstract_controller/base.rb:121:in `process'
actionview (5.0.0) lib/action_view/rendering.rb:30:in `process'
actionpack (5.0.0) lib/action_controller/metal.rb:190:in `dispatch'
actionpack (5.0.0) lib/action_controller/metal.rb:262:in `dispatch'
actionpack (5.0.0) lib/action_dispatch/routing/route_set.rb:50:in `dispatch'
actionpack (5.0.0) lib/action_dispatch/routing/route_set.rb:32:in `serve'
actionpack (5.0.0) lib/action_dispatch/journey/router.rb:39:in `block in serve'
actionpack (5.0.0) lib/action_dispatch/journey/router.rb:26:in `each'
actionpack (5.0.0) lib/action_dispatch/journey/router.rb:26:in `serve'
actionpack (5.0.0) lib/action_dispatch/routing/route_set.rb:725:in `call'
rack (2.0.1) lib/rack/etag.rb:25:in `call'
rack (2.0.1) lib/rack/conditional_get.rb:25:in `call'
rack (2.0.1) lib/rack/head.rb:12:in `call'
rack (2.0.1) lib/rack/session/abstract/id.rb:222:in `context'
rack (2.0.1) lib/rack/session/abstract/id.rb:216:in `call'
actionpack (5.0.0) lib/action_dispatch/middleware/cookies.rb:613:in `call'
activerecord (5.0.0) lib/active_record/migration.rb:552:in `call'
actionpack (5.0.0) lib/action_dispatch/middleware/callbacks.rb:38:in `block in call'
activesupport (5.0.0) lib/active_support/callbacks.rb:97:in `__run_callbacks__'
activesupport (5.0.0) lib/active_support/callbacks.rb:750:in `_run_call_callbacks'
activesupport (5.0.0) lib/active_support/callbacks.rb:90:in `run_callbacks'
actionpack (5.0.0) lib/action_dispatch/middleware/callbacks.rb:36:in `call'
actionpack (5.0.0) lib/action_dispatch/middleware/executor.rb:12:in `call'
actionpack (5.0.0) lib/action_dispatch/middleware/remote_ip.rb:79:in `call'
actionpack (5.0.0) lib/action_dispatch/middleware/debug_exceptions.rb:49:in `call'
web-console (3.3.1) lib/web_console/middleware.rb:131:in `call_app'
web-console (3.3.1) lib/web_console/middleware.rb:28:in `block in call'
web-console (3.3.1) lib/web_console/middleware.rb:18:in `catch'
web-console (3.3.1) lib/web_console/middleware.rb:18:in `call'
actionpack (5.0.0) lib/action_dispatch/middleware/show_exceptions.rb:31:in `call'
railties (5.0.0) lib/rails/rack/logger.rb:36:in `call_app'
railties (5.0.0) lib/rails/rack/logger.rb:24:in `block in call'
activesupport (5.0.0) lib/active_support/tagged_logging.rb:70:in `block in tagged'
activesupport (5.0.0) lib/active_support/tagged_logging.rb:26:in `tagged'
activesupport (5.0.0) lib/active_support/tagged_logging.rb:70:in `tagged'
railties (5.0.0) lib/rails/rack/logger.rb:24:in `call'
sprockets-rails (3.1.1) lib/sprockets/rails/quiet_assets.rb:13:in `call'
actionpack (5.0.0) lib/action_dispatch/middleware/request_id.rb:24:in `call'
rack (2.0.1) lib/rack/method_override.rb:22:in `call'
rack (2.0.1) lib/rack/runtime.rb:22:in `call'
activesupport (5.0.0) lib/active_support/cache/strategy/local_cache_middleware.rb:28:in `call'
actionpack (5.0.0) lib/action_dispatch/middleware/executor.rb:12:in `call'
actionpack (5.0.0) lib/action_dispatch/middleware/static.rb:136:in `call'
rack (2.0.1) lib/rack/sendfile.rb:111:in `call'
railties (5.0.0) lib/rails/engine.rb:522:in `call'
puma (3.6.0) lib/puma/configuration.rb:225:in `call'
puma (3.6.0) lib/puma/server.rb:578:in `handle_request'
puma (3.6.0) lib/puma/server.rb:415:in `process_client'
puma (3.6.0) lib/puma/server.rb:275:in `block in run'
puma (3.6.0) lib/puma/thread_pool.rb:116:in `call'
puma (3.6.0) lib/puma/thread_pool.rb:116:in `block in spawn_thread'
  Rendering /home/jrs023/.rvm/gems/ruby-2.3.0/gems/actionpack-5.0.0/lib/action_dispatch/middleware/templates/rescues/unknown_action.html.erb within rescues/layout
  Rendered /home/jrs023/.rvm/gems/ruby-2.3.0/gems/actionpack-5.0.0/lib/action_dispatch/middleware/templates/rescues/unknown_action.html.erb within rescues/layout (0.3ms)
Started GET "/api/sku/index" for 127.0.0.1 at 2016-08-06 21:12:05 -0400
  
AbstractController::ActionNotFound (The action 'show' could not be found for Api::SkuController):
  
actionpack (5.0.0) lib/abstract_controller/base.rb:121:in `process'
actionview (5.0.0) lib/action_view/rendering.rb:30:in `process'
actionpack (5.0.0) lib/action_controller/metal.rb:190:in `dispatch'
actionpack (5.0.0) lib/action_controller/metal.rb:262:in `dispatch'
actionpack (5.0.0) lib/action_dispatch/routing/route_set.rb:50:in `dispatch'
actionpack (5.0.0) lib/action_dispatch/routing/route_set.rb:32:in `serve'
actionpack (5.0.0) lib/action_dispatch/journey/router.rb:39:in `block in serve'
actionpack (5.0.0) lib/action_dispatch/journey/router.rb:26:in `each'
actionpack (5.0.0) lib/action_dispatch/journey/router.rb:26:in `serve'
actionpack (5.0.0) lib/action_dispatch/routing/route_set.rb:725:in `call'
rack (2.0.1) lib/rack/etag.rb:25:in `call'
rack (2.0.1) lib/rack/conditional_get.rb:25:in `call'
rack (2.0.1) lib/rack/head.rb:12:in `call'
rack (2.0.1) lib/rack/session/abstract/id.rb:222:in `context'
rack (2.0.1) lib/rack/session/abstract/id.rb:216:in `call'
actionpack (5.0.0) lib/action_dispatch/middleware/cookies.rb:613:in `call'
activerecord (5.0.0) lib/active_record/migration.rb:552:in `call'
actionpack (5.0.0) lib/action_dispatch/middleware/callbacks.rb:38:in `block in call'
activesupport (5.0.0) lib/active_support/callbacks.rb:97:in `__run_callbacks__'
activesupport (5.0.0) lib/active_support/callbacks.rb:750:in `_run_call_callbacks'
activesupport (5.0.0) lib/active_support/callbacks.rb:90:in `run_callbacks'
actionpack (5.0.0) lib/action_dispatch/middleware/callbacks.rb:36:in `call'
actionpack (5.0.0) lib/action_dispatch/middleware/executor.rb:12:in `call'
actionpack (5.0.0) lib/action_dispatch/middleware/remote_ip.rb:79:in `call'
actionpack (5.0.0) lib/action_dispatch/middleware/debug_exceptions.rb:49:in `call'
web-console (3.3.1) lib/web_console/middleware.rb:131:in `call_app'
web-console (3.3.1) lib/web_console/middleware.rb:28:in `block in call'
web-console (3.3.1) lib/web_console/middleware.rb:18:in `catch'
web-console (3.3.1) lib/web_console/middleware.rb:18:in `call'
actionpack (5.0.0) lib/action_dispatch/middleware/show_exceptions.rb:31:in `call'
railties (5.0.0) lib/rails/rack/logger.rb:36:in `call_app'
railties (5.0.0) lib/rails/rack/logger.rb:24:in `block in call'
activesupport (5.0.0) lib/active_support/tagged_logging.rb:70:in `block in tagged'
activesupport (5.0.0) lib/active_support/tagged_logging.rb:26:in `tagged'
activesupport (5.0.0) lib/active_support/tagged_logging.rb:70:in `tagged'
railties (5.0.0) lib/rails/rack/logger.rb:24:in `call'
sprockets-rails (3.1.1) lib/sprockets/rails/quiet_assets.rb:13:in `call'
actionpack (5.0.0) lib/action_dispatch/middleware/request_id.rb:24:in `call'
rack (2.0.1) lib/rack/method_override.rb:22:in `call'
rack (2.0.1) lib/rack/runtime.rb:22:in `call'
activesupport (5.0.0) lib/active_support/cache/strategy/local_cache_middleware.rb:28:in `call'
actionpack (5.0.0) lib/action_dispatch/middleware/executor.rb:12:in `call'
actionpack (5.0.0) lib/action_dispatch/middleware/static.rb:136:in `call'
rack (2.0.1) lib/rack/sendfile.rb:111:in `call'
railties (5.0.0) lib/rails/engine.rb:522:in `call'
puma (3.6.0) lib/puma/configuration.rb:225:in `call'
puma (3.6.0) lib/puma/server.rb:578:in `handle_request'
puma (3.6.0) lib/puma/server.rb:415:in `process_client'
puma (3.6.0) lib/puma/server.rb:275:in `block in run'
puma (3.6.0) lib/puma/thread_pool.rb:116:in `call'
puma (3.6.0) lib/puma/thread_pool.rb:116:in `block in spawn_thread'
  Rendering /home/jrs023/.rvm/gems/ruby-2.3.0/gems/actionpack-5.0.0/lib/action_dispatch/middleware/templates/rescues/unknown_action.html.erb within rescues/layout
  Rendered /home/jrs023/.rvm/gems/ruby-2.3.0/gems/actionpack-5.0.0/lib/action_dispatch/middleware/templates/rescues/unknown_action.html.erb within rescues/layout (0.3ms)
Started GET "/api/sku/index" for 127.0.0.1 at 2016-08-06 21:12:11 -0400
Processing by Api::SkuController#show as JSON
  Parameters: {"id"=>"index"}
No template found for Api::SkuController#show, rendering head :no_content
Completed 204 No Content in 2630ms (ActiveRecord: 0.0ms)


Started GET "/api/sku/index" for 127.0.0.1 at 2016-08-06 21:12:16 -0400
Processing by Api::SkuController#show as JSON
  Parameters: {"id"=>"index"}
No template found for Api::SkuController#show, rendering head :no_content
Completed 204 No Content in 671ms (ActiveRecord: 0.0ms)


Started GET "/api/sku/" for 127.0.0.1 at 2016-08-06 21:12:19 -0400
Processing by Api::SkuController#index as JSON
Completed 200 OK in 579ms (Views: 0.3ms | ActiveRecord: 0.0ms)


Started GET "/api/sku/index" for 127.0.0.1 at 2016-08-06 21:12:29 -0400
  
AbstractController::ActionNotFound (The action 'show' could not be found for Api::SkuController):
  
actionpack (5.0.0) lib/abstract_controller/base.rb:121:in `process'
actionview (5.0.0) lib/action_view/rendering.rb:30:in `process'
actionpack (5.0.0) lib/action_controller/metal.rb:190:in `dispatch'
actionpack (5.0.0) lib/action_controller/metal.rb:262:in `dispatch'
actionpack (5.0.0) lib/action_dispatch/routing/route_set.rb:50:in `dispatch'
actionpack (5.0.0) lib/action_dispatch/routing/route_set.rb:32:in `serve'
actionpack (5.0.0) lib/action_dispatch/journey/router.rb:39:in `block in serve'
actionpack (5.0.0) lib/action_dispatch/journey/router.rb:26:in `each'
actionpack (5.0.0) lib/action_dispatch/journey/router.rb:26:in `serve'
actionpack (5.0.0) lib/action_dispatch/routing/route_set.rb:725:in `call'
rack (2.0.1) lib/rack/etag.rb:25:in `call'
rack (2.0.1) lib/rack/conditional_get.rb:25:in `call'
rack (2.0.1) lib/rack/head.rb:12:in `call'
rack (2.0.1) lib/rack/session/abstract/id.rb:222:in `context'
rack (2.0.1) lib/rack/session/abstract/id.rb:216:in `call'
actionpack (5.0.0) lib/action_dispatch/middleware/cookies.rb:613:in `call'
activerecord (5.0.0) lib/active_record/migration.rb:552:in `call'
actionpack (5.0.0) lib/action_dispatch/middleware/callbacks.rb:38:in `block in call'
activesupport (5.0.0) lib/active_support/callbacks.rb:97:in `__run_callbacks__'
activesupport (5.0.0) lib/active_support/callbacks.rb:750:in `_run_call_callbacks'
activesupport (5.0.0) lib/active_support/callbacks.rb:90:in `run_callbacks'
actionpack (5.0.0) lib/action_dispatch/middleware/callbacks.rb:36:in `call'
actionpack (5.0.0) lib/action_dispatch/middleware/executor.rb:12:in `call'
actionpack (5.0.0) lib/action_dispatch/middleware/remote_ip.rb:79:in `call'
actionpack (5.0.0) lib/action_dispatch/middleware/debug_exceptions.rb:49:in `call'
web-console (3.3.1) lib/web_console/middleware.rb:131:in `call_app'
web-console (3.3.1) lib/web_console/middleware.rb:28:in `block in call'
web-console (3.3.1) lib/web_console/middleware.rb:18:in `catch'
web-console (3.3.1) lib/web_console/middleware.rb:18:in `call'
actionpack (5.0.0) lib/action_dispatch/middleware/show_exceptions.rb:31:in `call'
railties (5.0.0) lib/rails/rack/logger.rb:36:in `call_app'
railties (5.0.0) lib/rails/rack/logger.rb:24:in `block in call'
activesupport (5.0.0) lib/active_support/tagged_logging.rb:70:in `block in tagged'
activesupport (5.0.0) lib/active_support/tagged_logging.rb:26:in `tagged'
activesupport (5.0.0) lib/active_support/tagged_logging.rb:70:in `tagged'
railties (5.0.0) lib/rails/rack/logger.rb:24:in `call'
sprockets-rails (3.1.1) lib/sprockets/rails/quiet_assets.rb:13:in `call'
actionpack (5.0.0) lib/action_dispatch/middleware/request_id.rb:24:in `call'
rack (2.0.1) lib/rack/method_override.rb:22:in `call'
rack (2.0.1) lib/rack/runtime.rb:22:in `call'
activesupport (5.0.0) lib/active_support/cache/strategy/local_cache_middleware.rb:28:in `call'
actionpack (5.0.0) lib/action_dispatch/middleware/executor.rb:12:in `call'
actionpack (5.0.0) lib/action_dispatch/middleware/static.rb:136:in `call'
rack (2.0.1) lib/rack/sendfile.rb:111:in `call'
railties (5.0.0) lib/rails/engine.rb:522:in `call'
puma (3.6.0) lib/puma/configuration.rb:225:in `call'
puma (3.6.0) lib/puma/server.rb:578:in `handle_request'
puma (3.6.0) lib/puma/server.rb:415:in `process_client'
puma (3.6.0) lib/puma/server.rb:275:in `block in run'
puma (3.6.0) lib/puma/thread_pool.rb:116:in `call'
puma (3.6.0) lib/puma/thread_pool.rb:116:in `block in spawn_thread'
  Rendering /home/jrs023/.rvm/gems/ruby-2.3.0/gems/actionpack-5.0.0/lib/action_dispatch/middleware/templates/rescues/unknown_action.html.erb within rescues/layout
  Rendered /home/jrs023/.rvm/gems/ruby-2.3.0/gems/actionpack-5.0.0/lib/action_dispatch/middleware/templates/rescues/unknown_action.html.erb within rescues/layout (0.3ms)
Started GET "/api/sku/index" for 127.0.0.1 at 2016-08-06 21:12:37 -0400
  
AbstractController::ActionNotFound (The action 'show' could not be found for Api::SkuController):
  
actionpack (5.0.0) lib/abstract_controller/base.rb:121:in `process'
actionview (5.0.0) lib/action_view/rendering.rb:30:in `process'
actionpack (5.0.0) lib/action_controller/metal.rb:190:in `dispatch'
actionpack (5.0.0) lib/action_controller/metal.rb:262:in `dispatch'
actionpack (5.0.0) lib/action_dispatch/routing/route_set.rb:50:in `dispatch'
actionpack (5.0.0) lib/action_dispatch/routing/route_set.rb:32:in `serve'
actionpack (5.0.0) lib/action_dispatch/journey/router.rb:39:in `block in serve'
actionpack (5.0.0) lib/action_dispatch/journey/router.rb:26:in `each'
actionpack (5.0.0) lib/action_dispatch/journey/router.rb:26:in `serve'
actionpack (5.0.0) lib/action_dispatch/routing/route_set.rb:725:in `call'
rack (2.0.1) lib/rack/etag.rb:25:in `call'
rack (2.0.1) lib/rack/conditional_get.rb:25:in `call'
rack (2.0.1) lib/rack/head.rb:12:in `call'
rack (2.0.1) lib/rack/session/abstract/id.rb:222:in `context'
rack (2.0.1) lib/rack/session/abstract/id.rb:216:in `call'
actionpack (5.0.0) lib/action_dispatch/middleware/cookies.rb:613:in `call'
activerecord (5.0.0) lib/active_record/migration.rb:552:in `call'
actionpack (5.0.0) lib/action_dispatch/middleware/callbacks.rb:38:in `block in call'
activesupport (5.0.0) lib/active_support/callbacks.rb:97:in `__run_callbacks__'
activesupport (5.0.0) lib/active_support/callbacks.rb:750:in `_run_call_callbacks'
activesupport (5.0.0) lib/active_support/callbacks.rb:90:in `run_callbacks'
actionpack (5.0.0) lib/action_dispatch/middleware/callbacks.rb:36:in `call'
actionpack (5.0.0) lib/action_dispatch/middleware/executor.rb:12:in `call'
actionpack (5.0.0) lib/action_dispatch/middleware/remote_ip.rb:79:in `call'
actionpack (5.0.0) lib/action_dispatch/middleware/debug_exceptions.rb:49:in `call'
web-console (3.3.1) lib/web_console/middleware.rb:131:in `call_app'
web-console (3.3.1) lib/web_console/middleware.rb:28:in `block in call'
web-console (3.3.1) lib/web_console/middleware.rb:18:in `catch'
web-console (3.3.1) lib/web_console/middleware.rb:18:in `call'
actionpack (5.0.0) lib/action_dispatch/middleware/show_exceptions.rb:31:in `call'
railties (5.0.0) lib/rails/rack/logger.rb:36:in `call_app'
railties (5.0.0) lib/rails/rack/logger.rb:24:in `block in call'
activesupport (5.0.0) lib/active_support/tagged_logging.rb:70:in `block in tagged'
activesupport (5.0.0) lib/active_support/tagged_logging.rb:26:in `tagged'
activesupport (5.0.0) lib/active_support/tagged_logging.rb:70:in `tagged'
railties (5.0.0) lib/rails/rack/logger.rb:24:in `call'
sprockets-rails (3.1.1) lib/sprockets/rails/quiet_assets.rb:13:in `call'
actionpack (5.0.0) lib/action_dispatch/middleware/request_id.rb:24:in `call'
rack (2.0.1) lib/rack/method_override.rb:22:in `call'
rack (2.0.1) lib/rack/runtime.rb:22:in `call'
activesupport (5.0.0) lib/active_support/cache/strategy/local_cache_middleware.rb:28:in `call'
actionpack (5.0.0) lib/action_dispatch/middleware/executor.rb:12:in `call'
actionpack (5.0.0) lib/action_dispatch/middleware/static.rb:136:in `call'
rack (2.0.1) lib/rack/sendfile.rb:111:in `call'
railties (5.0.0) lib/rails/engine.rb:522:in `call'
puma (3.6.0) lib/puma/configuration.rb:225:in `call'
puma (3.6.0) lib/puma/server.rb:578:in `handle_request'
puma (3.6.0) lib/puma/server.rb:415:in `process_client'
puma (3.6.0) lib/puma/server.rb:275:in `block in run'
puma (3.6.0) lib/puma/thread_pool.rb:116:in `call'
puma (3.6.0) lib/puma/thread_pool.rb:116:in `block in spawn_thread'
  Rendering /home/jrs023/.rvm/gems/ruby-2.3.0/gems/actionpack-5.0.0/lib/action_dispatch/middleware/templates/rescues/unknown_action.html.erb within rescues/layout
  Rendered /home/jrs023/.rvm/gems/ruby-2.3.0/gems/actionpack-5.0.0/lib/action_dispatch/middleware/templates/rescues/unknown_action.html.erb within rescues/layout (0.3ms)
Started GET "/api/sku/index" for 127.0.0.1 at 2016-08-06 21:12:38 -0400
  
AbstractController::ActionNotFound (The action 'show' could not be found for Api::SkuController):
  
actionpack (5.0.0) lib/abstract_controller/base.rb:121:in `process'
actionview (5.0.0) lib/action_view/rendering.rb:30:in `process'
actionpack (5.0.0) lib/action_controller/metal.rb:190:in `dispatch'
actionpack (5.0.0) lib/action_controller/metal.rb:262:in `dispatch'
actionpack (5.0.0) lib/action_dispatch/routing/route_set.rb:50:in `dispatch'
actionpack (5.0.0) lib/action_dispatch/routing/route_set.rb:32:in `serve'
actionpack (5.0.0) lib/action_dispatch/journey/router.rb:39:in `block in serve'
actionpack (5.0.0) lib/action_dispatch/journey/router.rb:26:in `each'
actionpack (5.0.0) lib/action_dispatch/journey/router.rb:26:in `serve'
actionpack (5.0.0) lib/action_dispatch/routing/route_set.rb:725:in `call'
rack (2.0.1) lib/rack/etag.rb:25:in `call'
rack (2.0.1) lib/rack/conditional_get.rb:25:in `call'
rack (2.0.1) lib/rack/head.rb:12:in `call'
rack (2.0.1) lib/rack/session/abstract/id.rb:222:in `context'
rack (2.0.1) lib/rack/session/abstract/id.rb:216:in `call'
actionpack (5.0.0) lib/action_dispatch/middleware/cookies.rb:613:in `call'
activerecord (5.0.0) lib/active_record/migration.rb:552:in `call'
actionpack (5.0.0) lib/action_dispatch/middleware/callbacks.rb:38:in `block in call'
activesupport (5.0.0) lib/active_support/callbacks.rb:97:in `__run_callbacks__'
activesupport (5.0.0) lib/active_support/callbacks.rb:750:in `_run_call_callbacks'
activesupport (5.0.0) lib/active_support/callbacks.rb:90:in `run_callbacks'
actionpack (5.0.0) lib/action_dispatch/middleware/callbacks.rb:36:in `call'
actionpack (5.0.0) lib/action_dispatch/middleware/executor.rb:12:in `call'
actionpack (5.0.0) lib/action_dispatch/middleware/remote_ip.rb:79:in `call'
actionpack (5.0.0) lib/action_dispatch/middleware/debug_exceptions.rb:49:in `call'
web-console (3.3.1) lib/web_console/middleware.rb:131:in `call_app'
web-console (3.3.1) lib/web_console/middleware.rb:28:in `block in call'
web-console (3.3.1) lib/web_console/middleware.rb:18:in `catch'
web-console (3.3.1) lib/web_console/middleware.rb:18:in `call'
actionpack (5.0.0) lib/action_dispatch/middleware/show_exceptions.rb:31:in `call'
railties (5.0.0) lib/rails/rack/logger.rb:36:in `call_app'
railties (5.0.0) lib/rails/rack/logger.rb:24:in `block in call'
activesupport (5.0.0) lib/active_support/tagged_logging.rb:70:in `block in tagged'
activesupport (5.0.0) lib/active_support/tagged_logging.rb:26:in `tagged'
activesupport (5.0.0) lib/active_support/tagged_logging.rb:70:in `tagged'
railties (5.0.0) lib/rails/rack/logger.rb:24:in `call'
sprockets-rails (3.1.1) lib/sprockets/rails/quiet_assets.rb:13:in `call'
actionpack (5.0.0) lib/action_dispatch/middleware/request_id.rb:24:in `call'
rack (2.0.1) lib/rack/method_override.rb:22:in `call'
rack (2.0.1) lib/rack/runtime.rb:22:in `call'
activesupport (5.0.0) lib/active_support/cache/strategy/local_cache_middleware.rb:28:in `call'
actionpack (5.0.0) lib/action_dispatch/middleware/executor.rb:12:in `call'
actionpack (5.0.0) lib/action_dispatch/middleware/static.rb:136:in `call'
rack (2.0.1) lib/rack/sendfile.rb:111:in `call'
railties (5.0.0) lib/rails/engine.rb:522:in `call'
puma (3.6.0) lib/puma/configuration.rb:225:in `call'
puma (3.6.0) lib/puma/server.rb:578:in `handle_request'
puma (3.6.0) lib/puma/server.rb:415:in `process_client'
puma (3.6.0) lib/puma/server.rb:275:in `block in run'
puma (3.6.0) lib/puma/thread_pool.rb:116:in `call'
puma (3.6.0) lib/puma/thread_pool.rb:116:in `block in spawn_thread'
  Rendering /home/jrs023/.rvm/gems/ruby-2.3.0/gems/actionpack-5.0.0/lib/action_dispatch/middleware/templates/rescues/unknown_action.html.erb within rescues/layout
  Rendered /home/jrs023/.rvm/gems/ruby-2.3.0/gems/actionpack-5.0.0/lib/action_dispatch/middleware/templates/rescues/unknown_action.html.erb within rescues/layout (0.3ms)
Started GET "/api/sku/index" for 127.0.0.1 at 2016-08-06 21:12:39 -0400
  
AbstractController::ActionNotFound (The action 'show' could not be found for Api::SkuController):
  
actionpack (5.0.0) lib/abstract_controller/base.rb:121:in `process'
actionview (5.0.0) lib/action_view/rendering.rb:30:in `process'
actionpack (5.0.0) lib/action_controller/metal.rb:190:in `dispatch'
actionpack (5.0.0) lib/action_controller/metal.rb:262:in `dispatch'
actionpack (5.0.0) lib/action_dispatch/routing/route_set.rb:50:in `dispatch'
actionpack (5.0.0) lib/action_dispatch/routing/route_set.rb:32:in `serve'
actionpack (5.0.0) lib/action_dispatch/journey/router.rb:39:in `block in serve'
actionpack (5.0.0) lib/action_dispatch/journey/router.rb:26:in `each'
actionpack (5.0.0) lib/action_dispatch/journey/router.rb:26:in `serve'
actionpack (5.0.0) lib/action_dispatch/routing/route_set.rb:725:in `call'
rack (2.0.1) lib/rack/etag.rb:25:in `call'
rack (2.0.1) lib/rack/conditional_get.rb:25:in `call'
rack (2.0.1) lib/rack/head.rb:12:in `call'
rack (2.0.1) lib/rack/session/abstract/id.rb:222:in `context'
rack (2.0.1) lib/rack/session/abstract/id.rb:216:in `call'
actionpack (5.0.0) lib/action_dispatch/middleware/cookies.rb:613:in `call'
activerecord (5.0.0) lib/active_record/migration.rb:552:in `call'
actionpack (5.0.0) lib/action_dispatch/middleware/callbacks.rb:38:in `block in call'
activesupport (5.0.0) lib/active_support/callbacks.rb:97:in `__run_callbacks__'
activesupport (5.0.0) lib/active_support/callbacks.rb:750:in `_run_call_callbacks'
activesupport (5.0.0) lib/active_support/callbacks.rb:90:in `run_callbacks'
actionpack (5.0.0) lib/action_dispatch/middleware/callbacks.rb:36:in `call'
actionpack (5.0.0) lib/action_dispatch/middleware/executor.rb:12:in `call'
actionpack (5.0.0) lib/action_dispatch/middleware/remote_ip.rb:79:in `call'
actionpack (5.0.0) lib/action_dispatch/middleware/debug_exceptions.rb:49:in `call'
web-console (3.3.1) lib/web_console/middleware.rb:131:in `call_app'
web-console (3.3.1) lib/web_console/middleware.rb:28:in `block in call'
web-console (3.3.1) lib/web_console/middleware.rb:18:in `catch'
web-console (3.3.1) lib/web_console/middleware.rb:18:in `call'
actionpack (5.0.0) lib/action_dispatch/middleware/show_exceptions.rb:31:in `call'
railties (5.0.0) lib/rails/rack/logger.rb:36:in `call_app'
railties (5.0.0) lib/rails/rack/logger.rb:24:in `block in call'
activesupport (5.0.0) lib/active_support/tagged_logging.rb:70:in `block in tagged'
activesupport (5.0.0) lib/active_support/tagged_logging.rb:26:in `tagged'
activesupport (5.0.0) lib/active_support/tagged_logging.rb:70:in `tagged'
railties (5.0.0) lib/rails/rack/logger.rb:24:in `call'
sprockets-rails (3.1.1) lib/sprockets/rails/quiet_assets.rb:13:in `call'
actionpack (5.0.0) lib/action_dispatch/middleware/request_id.rb:24:in `call'
rack (2.0.1) lib/rack/method_override.rb:22:in `call'
rack (2.0.1) lib/rack/runtime.rb:22:in `call'
activesupport (5.0.0) lib/active_support/cache/strategy/local_cache_middleware.rb:28:in `call'
actionpack (5.0.0) lib/action_dispatch/middleware/executor.rb:12:in `call'
actionpack (5.0.0) lib/action_dispatch/middleware/static.rb:136:in `call'
rack (2.0.1) lib/rack/sendfile.rb:111:in `call'
railties (5.0.0) lib/rails/engine.rb:522:in `call'
puma (3.6.0) lib/puma/configuration.rb:225:in `call'
puma (3.6.0) lib/puma/server.rb:578:in `handle_request'
puma (3.6.0) lib/puma/server.rb:415:in `process_client'
puma (3.6.0) lib/puma/server.rb:275:in `block in run'
puma (3.6.0) lib/puma/thread_pool.rb:116:in `call'
puma (3.6.0) lib/puma/thread_pool.rb:116:in `block in spawn_thread'
  Rendering /home/jrs023/.rvm/gems/ruby-2.3.0/gems/actionpack-5.0.0/lib/action_dispatch/middleware/templates/rescues/unknown_action.html.erb within rescues/layout
  Rendered /home/jrs023/.rvm/gems/ruby-2.3.0/gems/actionpack-5.0.0/lib/action_dispatch/middleware/templates/rescues/unknown_action.html.erb within rescues/layout (0.3ms)
Started GET "/api/sku/index" for 127.0.0.1 at 2016-08-06 21:12:40 -0400
  
AbstractController::ActionNotFound (The action 'show' could not be found for Api::SkuController):
  
actionpack (5.0.0) lib/abstract_controller/base.rb:121:in `process'
actionview (5.0.0) lib/action_view/rendering.rb:30:in `process'
actionpack (5.0.0) lib/action_controller/metal.rb:190:in `dispatch'
actionpack (5.0.0) lib/action_controller/metal.rb:262:in `dispatch'
actionpack (5.0.0) lib/action_dispatch/routing/route_set.rb:50:in `dispatch'
actionpack (5.0.0) lib/action_dispatch/routing/route_set.rb:32:in `serve'
actionpack (5.0.0) lib/action_dispatch/journey/router.rb:39:in `block in serve'
actionpack (5.0.0) lib/action_dispatch/journey/router.rb:26:in `each'
actionpack (5.0.0) lib/action_dispatch/journey/router.rb:26:in `serve'
actionpack (5.0.0) lib/action_dispatch/routing/route_set.rb:725:in `call'
rack (2.0.1) lib/rack/etag.rb:25:in `call'
rack (2.0.1) lib/rack/conditional_get.rb:25:in `call'
rack (2.0.1) lib/rack/head.rb:12:in `call'
rack (2.0.1) lib/rack/session/abstract/id.rb:222:in `context'
rack (2.0.1) lib/rack/session/abstract/id.rb:216:in `call'
actionpack (5.0.0) lib/action_dispatch/middleware/cookies.rb:613:in `call'
activerecord (5.0.0) lib/active_record/migration.rb:552:in `call'
actionpack (5.0.0) lib/action_dispatch/middleware/callbacks.rb:38:in `block in call'
activesupport (5.0.0) lib/active_support/callbacks.rb:97:in `__run_callbacks__'
activesupport (5.0.0) lib/active_support/callbacks.rb:750:in `_run_call_callbacks'
activesupport (5.0.0) lib/active_support/callbacks.rb:90:in `run_callbacks'
actionpack (5.0.0) lib/action_dispatch/middleware/callbacks.rb:36:in `call'
actionpack (5.0.0) lib/action_dispatch/middleware/executor.rb:12:in `call'
actionpack (5.0.0) lib/action_dispatch/middleware/remote_ip.rb:79:in `call'
actionpack (5.0.0) lib/action_dispatch/middleware/debug_exceptions.rb:49:in `call'
web-console (3.3.1) lib/web_console/middleware.rb:131:in `call_app'
web-console (3.3.1) lib/web_console/middleware.rb:28:in `block in call'
web-console (3.3.1) lib/web_console/middleware.rb:18:in `catch'
web-console (3.3.1) lib/web_console/middleware.rb:18:in `call'
actionpack (5.0.0) lib/action_dispatch/middleware/show_exceptions.rb:31:in `call'
railties (5.0.0) lib/rails/rack/logger.rb:36:in `call_app'
railties (5.0.0) lib/rails/rack/logger.rb:24:in `block in call'
activesupport (5.0.0) lib/active_support/tagged_logging.rb:70:in `block in tagged'
activesupport (5.0.0) lib/active_support/tagged_logging.rb:26:in `tagged'
activesupport (5.0.0) lib/active_support/tagged_logging.rb:70:in `tagged'
railties (5.0.0) lib/rails/rack/logger.rb:24:in `call'
sprockets-rails (3.1.1) lib/sprockets/rails/quiet_assets.rb:13:in `call'
actionpack (5.0.0) lib/action_dispatch/middleware/request_id.rb:24:in `call'
rack (2.0.1) lib/rack/method_override.rb:22:in `call'
rack (2.0.1) lib/rack/runtime.rb:22:in `call'
activesupport (5.0.0) lib/active_support/cache/strategy/local_cache_middleware.rb:28:in `call'
actionpack (5.0.0) lib/action_dispatch/middleware/executor.rb:12:in `call'
actionpack (5.0.0) lib/action_dispatch/middleware/static.rb:136:in `call'
rack (2.0.1) lib/rack/sendfile.rb:111:in `call'
railties (5.0.0) lib/rails/engine.rb:522:in `call'
puma (3.6.0) lib/puma/configuration.rb:225:in `call'
puma (3.6.0) lib/puma/server.rb:578:in `handle_request'
puma (3.6.0) lib/puma/server.rb:415:in `process_client'
puma (3.6.0) lib/puma/server.rb:275:in `block in run'
puma (3.6.0) lib/puma/thread_pool.rb:116:in `call'
puma (3.6.0) lib/puma/thread_pool.rb:116:in `block in spawn_thread'
  Rendering /home/jrs023/.rvm/gems/ruby-2.3.0/gems/actionpack-5.0.0/lib/action_dispatch/middleware/templates/rescues/unknown_action.html.erb within rescues/layout
  Rendered /home/jrs023/.rvm/gems/ruby-2.3.0/gems/actionpack-5.0.0/lib/action_dispatch/middleware/templates/rescues/unknown_action.html.erb within rescues/layout (0.4ms)
Started GET "/api/sku/index" for 127.0.0.1 at 2016-08-06 21:12:45 -0400
Processing by Api::SkuController#show as JSON
  Parameters: {"id"=>"index"}
No template found for Api::SkuController#show, rendering head :no_content
Completed 204 No Content in 767ms (ActiveRecord: 0.0ms)


Started GET "/api/sku/" for 127.0.0.1 at 2016-08-06 21:12:49 -0400
Processing by Api::SkuController#index as JSON
Completed 200 OK in 818ms (Views: 0.5ms | ActiveRecord: 0.0ms)


Started GET "/" for 127.0.0.1 at 2016-08-06 21:18:10 -0400
Processing by ApplicationController#index as HTML
Completed 200 OK in 702ms (Views: 0.5ms | ActiveRecord: 0.0ms)


Started GET "/" for 127.0.0.1 at 2016-08-06 22:31:32 -0400
Processing by ApplicationController#index as HTML
Completed 200 OK in 653ms (Views: 0.4ms | ActiveRecord: 0.0ms)


Started GET "/api/sku" for 127.0.0.1 at 2016-08-06 22:31:44 -0400
Processing by Api::SkuController#index as JSON
Completed 200 OK in 503ms (Views: 0.3ms | ActiveRecord: 0.0ms)


Started GET "/api/sku" for 127.0.0.1 at 2016-08-06 22:31:58 -0400
Processing by Api::SkuController#index as JSON
Completed 200 OK in 509ms (Views: 0.3ms | ActiveRecord: 0.0ms)


Started GET "/" for 127.0.0.1 at 2016-08-06 22:32:31 -0400
Processing by ApplicationController#index as HTML
Completed 200 OK in 595ms (Views: 0.3ms | ActiveRecord: 0.0ms)


Started GET "/api/sku" for 127.0.0.1 at 2016-08-06 22:32:37 -0400
Processing by Api::SkuController#index as JSON
Completed 200 OK in 801ms (Views: 0.4ms | ActiveRecord: 0.0ms)


Started GET "/api/sku?callback=jQuery112404295535070153055_1470537272821&_=1470537272822" for 127.0.0.1 at 2016-08-06 22:34:32 -0400
Processing by Api::SkuController#index as JSON
  Parameters: {"callback"=>"jQuery112404295535070153055_1470537272821", "_"=>"1470537272822"}
Completed 200 OK in 593ms (Views: 0.3ms | ActiveRecord: 0.0ms)


Started GET "/api/sku?callback=jQuery112405033762039301334_1470537295705&_=1470537295706" for 127.0.0.1 at 2016-08-06 22:34:55 -0400
Processing by Api::SkuController#index as JSON
  Parameters: {"callback"=>"jQuery112405033762039301334_1470537295705", "_"=>"1470537295706"}
Completed 200 OK in 818ms (Views: 0.2ms | ActiveRecord: 0.0ms)


Started GET "/api/sku?callback=jQuery112409757215674050373_1470537315649&_=1470537315650" for 127.0.0.1 at 2016-08-06 22:35:15 -0400
Processing by Api::SkuController#index as JSON
  Parameters: {"callback"=>"jQuery112409757215674050373_1470537315649", "_"=>"1470537315650"}
Completed 200 OK in 533ms (Views: 0.3ms | ActiveRecord: 0.0ms)


Started GET "/api/sku?callback=jQuery1124024206164467146485_1470537324234&_=1470537324235" for 127.0.0.1 at 2016-08-06 22:35:24 -0400
Processing by Api::SkuController#index as JSON
  Parameters: {"callback"=>"jQuery1124024206164467146485_1470537324234", "_"=>"1470537324235"}
Completed 200 OK in 557ms (Views: 0.3ms | ActiveRecord: 0.0ms)


Started GET "/api/sku?callback=jQuery112408603086135491584_1470537340611&_=1470537340612" for 127.0.0.1 at 2016-08-06 22:35:40 -0400
Processing by Api::SkuController#index as JSON
  Parameters: {"callback"=>"jQuery112408603086135491584_1470537340611", "_"=>"1470537340612"}
Completed 200 OK in 729ms (Views: 0.2ms | ActiveRecord: 0.0ms)


Started GET "/api/sku" for 127.0.0.1 at 2016-08-06 22:35:55 -0400
Processing by Api::SkuController#index as JSON
Completed 200 OK in 746ms (Views: 0.4ms | ActiveRecord: 0.0ms)


Started GET "/api/sku?callback=jQuery112407611564746129081_1470537364552&_=1470537364553" for 127.0.0.1 at 2016-08-06 22:36:04 -0400
Processing by Api::SkuController#index as JSON
  Parameters: {"callback"=>"jQuery112407611564746129081_1470537364552", "_"=>"1470537364553"}
Completed 200 OK in 972ms (Views: 0.2ms | ActiveRecord: 0.0ms)


Started GET "/api/sku?callback=jQuery1124046133948354968357_1470537385384&_=1470537385385" for 127.0.0.1 at 2016-08-06 22:36:25 -0400
Processing by Api::SkuController#index as JSON
  Parameters: {"callback"=>"jQuery1124046133948354968357_1470537385384", "_"=>"1470537385385"}
Completed 200 OK in 652ms (Views: 0.4ms | ActiveRecord: 0.0ms)


Started GET "/api/sku?callback=jQuery112407802065753143431_1470537438197&_=1470537438198" for 127.0.0.1 at 2016-08-06 22:37:18 -0400
Processing by Api::SkuController#index as JSON
  Parameters: {"callback"=>"jQuery112407802065753143431_1470537438197", "_"=>"1470537438198"}
Completed 200 OK in 618ms (Views: 0.3ms | ActiveRecord: 0.0ms)


Started GET "/api/sku?callback=jQuery112409132066147723297_1470537447248&_=1470537447249" for 127.0.0.1 at 2016-08-06 22:37:27 -0400
Processing by Api::SkuController#index as JSON
  Parameters: {"callback"=>"jQuery112409132066147723297_1470537447248", "_"=>"1470537447249"}
Completed 200 OK in 518ms (Views: 0.4ms | ActiveRecord: 0.0ms)


Started GET "/api/sku?callback=jQuery112408356511423883853_1470537475985&_=1470537475986" for 127.0.0.1 at 2016-08-06 22:37:56 -0400
Processing by Api::SkuController#index as JSON
  Parameters: {"callback"=>"jQuery112408356511423883853_1470537475985", "_"=>"1470537475986"}
Completed 200 OK in 697ms (Views: 0.3ms | ActiveRecord: 0.0ms)


Started GET "/api/sku/" for 127.0.0.1 at 2016-08-06 22:38:09 -0400
Processing by Api::SkuController#index as JSON
Completed 200 OK in 587ms (Views: 0.5ms | ActiveRecord: 0.0ms)


Started GET "/api/sku/?skus=%22[978-1601424280,978-0802848000]%22" for 127.0.0.1 at 2016-08-06 22:39:34 -0400
Processing by Api::SkuController#index as JSON
  Parameters: {"skus"=>"\"[978-1601424280,978-0802848000]\""}
Completed 200 OK in 658ms (Views: 0.4ms | ActiveRecord: 0.0ms)


Started GET "/api/sku/?skus=%22[978-1601424280,978-0802848000]%22" for 127.0.0.1 at 2016-08-06 22:39:42 -0400
Processing by Api::SkuController#index as JSON
  Parameters: {"skus"=>"\"[978-1601424280,978-0802848000]\""}
Completed 200 OK in 567ms (Views: 0.5ms | ActiveRecord: 0.0ms)


Started GET "/api/sku/?skus=%22[978-1601424280,978-0802848000]%22" for 127.0.0.1 at 2016-08-06 22:39:44 -0400
Processing by Api::SkuController#index as JSON
  Parameters: {"skus"=>"\"[978-1601424280,978-0802848000]\""}
Completed 200 OK in 590ms (Views: 0.3ms | ActiveRecord: 0.0ms)


Started GET "/api/sku/" for 127.0.0.1 at 2016-08-06 22:40:04 -0400
Processing by Api::SkuController#index as JSON
Completed 200 OK in 609ms (Views: 0.2ms | ActiveRecord: 0.0ms)


Started GET "/api/sku/" for 127.0.0.1 at 2016-08-06 22:40:06 -0400
Processing by Api::SkuController#index as JSON
Completed 200 OK in 539ms (Views: 0.4ms | ActiveRecord: 0.0ms)


Started GET "/api/sku/" for 127.0.0.1 at 2016-08-06 22:40:16 -0400
Processing by Api::SkuController#index as JSON
Completed 200 OK in 500ms (Views: 0.5ms | ActiveRecord: 0.0ms)


Started GET "/api/sku/" for 127.0.0.1 at 2016-08-06 22:40:25 -0400
Processing by Api::SkuController#index as JSON
Completed 200 OK in 597ms (Views: 0.2ms | ActiveRecord: 0.0ms)


Started GET "/api/sku/?skus=%22[978-1601424280,978-0802848000]%22" for 127.0.0.1 at 2016-08-06 22:40:30 -0400
Processing by Api::SkuController#index as JSON
  Parameters: {"skus"=>"\"[978-1601424280,978-0802848000]\""}
Completed 200 OK in 520ms (Views: 0.2ms | ActiveRecord: 0.0ms)


Started GET "/api/sku/?skus=%22[978-1601424280,978-0802848000]%22" for 127.0.0.1 at 2016-08-06 22:40:55 -0400
Processing by Api::SkuController#index as JSON
  Parameters: {"skus"=>"\"[978-1601424280,978-0802848000]\""}
Completed 200 OK in 593ms (Views: 0.4ms | ActiveRecord: 0.0ms)


Started GET "/api/sku?callback=jQuery1124010558944287167282_1470537670474&_=1470537670475" for 127.0.0.1 at 2016-08-06 22:41:10 -0400
Processing by Api::SkuController#index as JSON
  Parameters: {"callback"=>"jQuery1124010558944287167282_1470537670474", "_"=>"1470537670475"}
Completed 200 OK in 604ms (Views: 0.4ms | ActiveRecord: 0.0ms)


Started GET "/api/sku/?skus=%22[978-1601424280,978-0802848000]%22" for 127.0.0.1 at 2016-08-06 22:41:44 -0400
Processing by Api::SkuController#index as JSON
  Parameters: {"skus"=>"\"[978-1601424280,978-0802848000]\""}
Completed 200 OK in 536ms (Views: 0.2ms | ActiveRecord: 0.0ms)


Started GET "/api/sku/?skus=%22[978-1601424280,978-0802848000]%22" for 127.0.0.1 at 2016-08-06 22:41:55 -0400
Processing by Api::SkuController#index as JSON
  Parameters: {"skus"=>"\"[978-1601424280,978-0802848000]\""}
Completed 200 OK in 547ms (Views: 0.4ms | ActiveRecord: 0.0ms)


Started GET "/api/sku/?skus=%22[978-1601424280,978-0802848000]%22" for 127.0.0.1 at 2016-08-06 22:42:00 -0400
Processing by Api::SkuController#index as JSON
  Parameters: {"skus"=>"\"[978-1601424280,978-0802848000]\""}
Completed 200 OK in 503ms (Views: 0.4ms | ActiveRecord: 0.0ms)


Started GET "/api/sku/?skus=%22[978-1601424280,978-0802848000]%22" for 127.0.0.1 at 2016-08-06 22:42:05 -0400
Processing by Api::SkuController#index as JSON
  Parameters: {"skus"=>"\"[978-1601424280,978-0802848000]\""}
Completed 200 OK in 551ms (Views: 0.7ms | ActiveRecord: 0.0ms)


Started GET "/api/sku/?skus=%22[978-1601424280,978-0802848000]%22" for 127.0.0.1 at 2016-08-06 22:42:08 -0400
Processing by Api::SkuController#index as JSON
  Parameters: {"skus"=>"\"[978-1601424280,978-0802848000]\""}
Completed 200 OK in 476ms (Views: 0.4ms | ActiveRecord: 0.0ms)


Started GET "/api/sku/?skus=%22[978-1601424280,978-0802848000]%22" for 127.0.0.1 at 2016-08-06 22:42:16 -0400
Processing by Api::SkuController#index as JSON
  Parameters: {"skus"=>"\"[978-1601424280,978-0802848000]\""}
Completed 200 OK in 570ms (Views: 0.3ms | ActiveRecord: 0.0ms)


Started GET "/api/sku/" for 127.0.0.1 at 2016-08-06 22:42:19 -0400
Processing by Api::SkuController#index as JSON
Completed 200 OK in 740ms (Views: 0.5ms | ActiveRecord: 0.0ms)


Started GET "/api/sku/" for 127.0.0.1 at 2016-08-06 22:42:21 -0400
Processing by Api::SkuController#index as JSON
Completed 200 OK in 402ms (Views: 0.2ms | ActiveRecord: 0.0ms)


Started GET "/api/sku/?skus=%22[978-1601424280,978-0802848000]%22" for 127.0.0.1 at 2016-08-06 22:42:26 -0400
Processing by Api::SkuController#index as JSON
  Parameters: {"skus"=>"\"[978-1601424280,978-0802848000]\""}
Completed 200 OK in 430ms (Views: 0.4ms | ActiveRecord: 0.0ms)


Started GET "/api/sku/?skus=%22[978-1601424280,978-0802848000]%22" for 127.0.0.1 at 2016-08-06 22:42:28 -0400
Processing by Api::SkuController#index as JSON
  Parameters: {"skus"=>"\"[978-1601424280,978-0802848000]\""}
Completed 200 OK in 428ms (Views: 0.3ms | ActiveRecord: 0.0ms)


Started GET "/api/sku/?skus=%22[978-1601424280,978-0802848000]%22" for 127.0.0.1 at 2016-08-06 22:42:29 -0400
Processing by Api::SkuController#index as JSON
  Parameters: {"skus"=>"\"[978-1601424280,978-0802848000]\""}
Completed 200 OK in 418ms (Views: 0.3ms | ActiveRecord: 0.0ms)


Started GET "/api/sku/?skus=%22[978-1601424280,978-0802848000]%22" for 127.0.0.1 at 2016-08-06 22:42:47 -0400
Processing by Api::SkuController#index as JSON
  Parameters: {"skus"=>"\"[978-1601424280,978-0802848000]\""}
Completed 200 OK in 440ms (Views: 0.3ms | ActiveRecord: 0.0ms)


Started GET "/api/sku/?skus=%22[978-1601424280,978-0802848000]%22" for 127.0.0.1 at 2016-08-06 22:42:50 -0400
Processing by Api::SkuController#index as JSON
  Parameters: {"skus"=>"\"[978-1601424280,978-0802848000]\""}
Completed 200 OK in 444ms (Views: 0.4ms | ActiveRecord: 0.0ms)


Started GET "/api/sku/?skus=%22[978-1601424280,978-0802848000]%22" for 127.0.0.1 at 2016-08-06 22:42:59 -0400
Processing by Api::SkuController#index as JSON
  Parameters: {"skus"=>"\"[978-1601424280,978-0802848000]\""}
Completed 200 OK in 480ms (Views: 0.3ms | ActiveRecord: 0.0ms)


Started GET "/" for 127.0.0.1 at 2016-08-06 22:43:23 -0400
Processing by ApplicationController#index as HTML
Completed 500 Internal Server Error in 22ms (ActiveRecord: 0.0ms)


  
NameError (undefined local variable or method `skus' for #<ApplicationController:0x0056260c6fcb50>):
  
app/controllers/application_controller.rb:13:in `index'
  Rendering /home/jrs023/.rvm/gems/ruby-2.3.0/gems/actionpack-5.0.0/lib/action_dispatch/middleware/templates/rescues/diagnostics.html.erb within rescues/layout
  Rendering /home/jrs023/.rvm/gems/ruby-2.3.0/gems/actionpack-5.0.0/lib/action_dispatch/middleware/templates/rescues/_source.html.erb
  Rendered /home/jrs023/.rvm/gems/ruby-2.3.0/gems/actionpack-5.0.0/lib/action_dispatch/middleware/templates/rescues/_source.html.erb (3.6ms)
  Rendering /home/jrs023/.rvm/gems/ruby-2.3.0/gems/actionpack-5.0.0/lib/action_dispatch/middleware/templates/rescues/_trace.html.erb
  Rendered /home/jrs023/.rvm/gems/ruby-2.3.0/gems/actionpack-5.0.0/lib/action_dispatch/middleware/templates/rescues/_trace.html.erb (1.5ms)
  Rendering /home/jrs023/.rvm/gems/ruby-2.3.0/gems/actionpack-5.0.0/lib/action_dispatch/middleware/templates/rescues/_request_and_response.html.erb
  Rendered /home/jrs023/.rvm/gems/ruby-2.3.0/gems/actionpack-5.0.0/lib/action_dispatch/middleware/templates/rescues/_request_and_response.html.erb (0.6ms)
  Rendered /home/jrs023/.rvm/gems/ruby-2.3.0/gems/actionpack-5.0.0/lib/action_dispatch/middleware/templates/rescues/diagnostics.html.erb within rescues/layout (45.4ms)
Started GET "/" for 127.0.0.1 at 2016-08-06 22:43:34 -0400
Processing by ApplicationController#index as HTML
Completed   in 11736ms (ActiveRecord: 0.0ms)


Started GET "/?skus=%22[978-1601424280,978-0802848000]%22" for 127.0.0.1 at 2016-08-06 22:44:07 -0400
Processing by ApplicationController#index as HTML
  Parameters: {"skus"=>"\"[978-1601424280,978-0802848000]\""}
Completed 200 OK in 512ms (Views: 0.3ms | ActiveRecord: 0.0ms)


Started GET "/?skus=%22\%22[978-1601424280,978-0802848000]\%22%22" for 127.0.0.1 at 2016-08-06 22:44:27 -0400
Processing by ApplicationController#index as HTML
  Parameters: {"skus"=>"\"\\\"[978-1601424280,978-0802848000]\\\"\""}
Completed 200 OK in 566ms (Views: 0.2ms | ActiveRecord: 0.0ms)


Started GET "/?skus=%22[978-1601424280,978-0802848000]%22" for 127.0.0.1 at 2016-08-06 22:44:43 -0400
Processing by ApplicationController#index as HTML
  Parameters: {"skus"=>"\"[978-1601424280,978-0802848000]\""}
Completed 200 OK in 495ms (Views: 0.2ms | ActiveRecord: 0.0ms)


Started GET "/?skus=%22[978-1601424280,978-0802848000]%22" for 127.0.0.1 at 2016-08-06 22:45:02 -0400
Processing by ApplicationController#index as HTML
  Parameters: {"skus"=>"\"[978-1601424280,978-0802848000]\""}
Completed 200 OK in 441ms (Views: 0.5ms | ActiveRecord: 0.0ms)


Started GET "/?skus=%22[978-1601424280,978-0802848000]%22" for 127.0.0.1 at 2016-08-06 22:45:12 -0400
Processing by ApplicationController#index as HTML
  Parameters: {"skus"=>"\"[978-1601424280,978-0802848000]\""}
Completed 200 OK in 1255ms (Views: 0.4ms | ActiveRecord: 0.0ms)


Started GET "/?skus=%22[978-1601424280,978-0802848000]%22" for 127.0.0.1 at 2016-08-06 22:45:20 -0400
Processing by ApplicationController#index as HTML
  Parameters: {"skus"=>"\"[978-1601424280,978-0802848000]\""}
Completed 200 OK in 560ms (Views: 0.3ms | ActiveRecord: 0.0ms)


Started GET "/?skus=%22[978-1601424280,978-0802848000]%22" for 127.0.0.1 at 2016-08-06 22:45:42 -0400
  
SyntaxError (/home/jrs023/workspace/connectSV/app/controllers/application_controller.rb:11: Invalid octal digit
    puts [978-1601424280,978-0802848000]
                               ^):
  
app/controllers/application_controller.rb:11: Invalid octal digit
  Rendering /home/jrs023/.rvm/gems/ruby-2.3.0/gems/actionpack-5.0.0/lib/action_dispatch/middleware/templates/rescues/diagnostics.html.erb within rescues/layout
  Rendering /home/jrs023/.rvm/gems/ruby-2.3.0/gems/actionpack-5.0.0/lib/action_dispatch/middleware/templates/rescues/_source.html.erb
  Rendered /home/jrs023/.rvm/gems/ruby-2.3.0/gems/actionpack-5.0.0/lib/action_dispatch/middleware/templates/rescues/_source.html.erb (3.1ms)
  Rendering /home/jrs023/.rvm/gems/ruby-2.3.0/gems/actionpack-5.0.0/lib/action_dispatch/middleware/templates/rescues/_trace.html.erb
  Rendered /home/jrs023/.rvm/gems/ruby-2.3.0/gems/actionpack-5.0.0/lib/action_dispatch/middleware/templates/rescues/_trace.html.erb (1.6ms)
  Rendering /home/jrs023/.rvm/gems/ruby-2.3.0/gems/actionpack-5.0.0/lib/action_dispatch/middleware/templates/rescues/_request_and_response.html.erb
  Rendered /home/jrs023/.rvm/gems/ruby-2.3.0/gems/actionpack-5.0.0/lib/action_dispatch/middleware/templates/rescues/_request_and_response.html.erb (7.7ms)
  Rendered /home/jrs023/.rvm/gems/ruby-2.3.0/gems/actionpack-5.0.0/lib/action_dispatch/middleware/templates/rescues/diagnostics.html.erb within rescues/layout (27.7ms)
Started GET "/?skus=%22[978-1601424280,978-0802848000]%22" for 127.0.0.1 at 2016-08-06 22:45:55 -0400
Processing by ApplicationController#index as HTML
  Parameters: {"skus"=>"\"[978-1601424280,978-0802848000]\""}
Completed 200 OK in 537ms (Views: 0.4ms | ActiveRecord: 0.0ms)


Started GET "/?skus=[978-1601424280,978-0802848000]" for 127.0.0.1 at 2016-08-06 22:46:08 -0400
Processing by ApplicationController#index as HTML
  Parameters: {"skus"=>"[978-1601424280,978-0802848000]"}
Completed 200 OK in 624ms (Views: 0.5ms | ActiveRecord: 0.0ms)


Started GET "/api/sku/?skus=[978-1601424280,978-0802848000]" for 127.0.0.1 at 2016-08-06 22:46:48 -0400
Processing by Api::SkuController#index as JSON
  Parameters: {"skus"=>"[978-1601424280,978-0802848000]"}
Completed 200 OK in 575ms (Views: 0.6ms | ActiveRecord: 0.0ms)


Started GET "/api/sku/?[978-1601424280,978-0802848000]&callback=jQuery112409225527689248558_1470538063127&_=1470538063128" for 127.0.0.1 at 2016-08-06 22:47:43 -0400
Processing by Api::SkuController#index as JSON
  Parameters: {"978-1601424280,978-0802848000"=>nil, "callback"=>"jQuery112409225527689248558_1470538063127", "_"=>"1470538063128"}
Started GET "/api/sku/?[978-1601424280,978-0802848000]&callback=jQuery112407364229861064142_1470538073431&_=1470538073432" for 127.0.0.1 at 2016-08-06 22:47:53 -0400
Processing by Api::SkuController#index as JSON
  Parameters: {"978-1601424280,978-0802848000"=>nil, "callback"=>"jQuery112407364229861064142_1470538073431", "_"=>"1470538073432"}
Completed 200 OK in 16747ms (Views: 9.5ms | ActiveRecord: 0.0ms)


Completed 200 OK in 13660ms (Views: 17.5ms | ActiveRecord: 0.0ms)


Started GET "/api/sku/?skus=[978-1601424280,978-0802848000]&callback=jQuery1124003325217917618506_1470538091584&_=1470538091585" for 127.0.0.1 at 2016-08-06 22:48:11 -0400
Processing by Api::SkuController#index as JSON
  Parameters: {"skus"=>"[978-1601424280,978-0802848000]", "callback"=>"jQuery1124003325217917618506_1470538091584", "_"=>"1470538091585"}
Completed 200 OK in 597ms (Views: 0.3ms | ActiveRecord: 0.0ms)


Started GET "/api/sku/?skus=[978-1601424280,978-0802848000]&callback=jQuery1124008128149717358746_1470538100329&_=1470538100330" for 127.0.0.1 at 2016-08-06 22:48:20 -0400
Processing by Api::SkuController#index as JSON
  Parameters: {"skus"=>"[978-1601424280,978-0802848000]", "callback"=>"jQuery1124008128149717358746_1470538100329", "_"=>"1470538100330"}
Completed 200 OK in 600ms (Views: 0.2ms | ActiveRecord: 0.0ms)


